10:27:01 INFO  : Launching XSDB server: xsdb.bat C:/Xilinx/SDK/2015.4/scripts/xsdb/xsdb/xsdb-server.tcl
10:27:03 INFO  : XSDB server has started successfully.
10:27:04 INFO  : Processing command line option -hwspec E:/AX7010/labs/pl_led/pl_led.sdk/system_wrapper.hdf.
10:31:27 INFO  : 'targets -set -filter {jtag_cable_name =~ "Digilent JTAG-HS1 210249854655" && level==0} -index 1' command is executed.
10:31:27 INFO  : 'fpga -state' command is executed.
10:31:27 INFO  : Connected to target on host '127.0.0.1' and port '3121'.
10:31:28 INFO  : Sourcing of 'E:/AX7010/labs/pl_led/pl_led.sdk/system_wrapper_hw_platform_0/ps7_init.tcl' is done.
10:31:28 INFO  : 'targets -set -filter {name =~"APU" && jtag_cable_name =~ "Digilent JTAG-HS1 210249854655"} -index 0' command is executed.
10:31:28 INFO  : Hardware design information is loaded from 'E:/AX7010/labs/pl_led/pl_led.sdk/system_wrapper_hw_platform_0/system.hdf'.
10:31:28 INFO  : 'targets -set -filter {name =~"APU" && jtag_cable_name =~ "Digilent JTAG-HS1 210249854655"} -index 0' command is executed.
10:31:28 INFO  : 'stop' command is executed.
10:31:29 INFO  : 'ps7_init' command is executed.
10:31:29 INFO  : 'ps7_post_config' command is executed.
10:31:29 INFO  : 'con' command is executed.
10:31:29 INFO  : Context for processor 'ps7_cortexa9_0' is selected.
10:31:29 INFO  : Processor reset is completed for 'ps7_cortexa9_0'.
10:31:30 INFO  : Context for processor 'ps7_cortexa9_0' is selected.
10:31:30 INFO  : The application 'E:/AX7010/labs/pl_led/pl_led.sdk/pl_led_test/Debug/pl_led_test.elf' is downloaded to processor 'ps7_cortexa9_0'.
10:31:30 INFO  : ----------------XSDB Script----------------
connect -url tcp:127.0.0.1:3121
source E:/AX7010/labs/pl_led/pl_led.sdk/system_wrapper_hw_platform_0/ps7_init.tcl
targets -set -filter {name =~"APU" && jtag_cable_name =~ "Digilent JTAG-HS1 210249854655"} -index 0
loadhw E:/AX7010/labs/pl_led/pl_led.sdk/system_wrapper_hw_platform_0/system.hdf
targets -set -filter {name =~"APU" && jtag_cable_name =~ "Digilent JTAG-HS1 210249854655"} -index 0
stop
ps7_init
ps7_post_config
con
targets -set -nocase -filter {name =~ "ARM*#0" && jtag_cable_name =~ "Digilent JTAG-HS1 210249854655"} -index 0
rst -processor
targets -set -nocase -filter {name =~ "ARM*#0" && jtag_cable_name =~ "Digilent JTAG-HS1 210249854655"} -index 0
dow E:/AX7010/labs/pl_led/pl_led.sdk/pl_led_test/Debug/pl_led_test.elf
----------------End of Script----------------

10:31:30 INFO  : Memory regions updated for context APU
10:31:30 INFO  : Context for processor 'ps7_cortexa9_0' is selected.
10:31:30 INFO  : 'con' command is executed.
10:31:30 INFO  : ----------------XSDB Script (After Launch)----------------
targets -set -nocase -filter {name =~ "ARM*#0" && jtag_cable_name =~ "Digilent JTAG-HS1 210249854655"} -index 0
con
----------------End of Script----------------

10:32:21 INFO  : Connected to target on host '127.0.0.1' and port '3121'.
10:32:21 INFO  : 'targets -set -filter {jtag_cable_name =~ "Digilent JTAG-HS1 210249854655" && level==0} -index 1' command is executed.
10:32:23 INFO  : FPGA configured successfully with bitstream "E:/AX7010/labs/pl_led/pl_led.runs/impl_1/system_wrapper.bit"
10:32:34 INFO  : Disconnected from the channel tcfchan#1.
10:32:35 INFO  : 'targets -set -filter {jtag_cable_name =~ "Digilent JTAG-HS1 210249854655" && level==0} -index 1' command is executed.
10:32:35 INFO  : 'fpga -state' command is executed.
10:32:35 INFO  : Connected to target on host '127.0.0.1' and port '3121'.
10:32:35 INFO  : Sourcing of 'E:/AX7010/labs/pl_led/pl_led.sdk/system_wrapper_hw_platform_0/ps7_init.tcl' is done.
10:32:36 INFO  : 'targets -set -filter {name =~"APU" && jtag_cable_name =~ "Digilent JTAG-HS1 210249854655"} -index 0' command is executed.
10:32:36 INFO  : Hardware design information is loaded from 'E:/AX7010/labs/pl_led/pl_led.sdk/system_wrapper_hw_platform_0/system.hdf'.
10:32:36 INFO  : 'targets -set -filter {name =~"APU" && jtag_cable_name =~ "Digilent JTAG-HS1 210249854655"} -index 0' command is executed.
10:32:37 INFO  : 'stop' command is executed.
10:33:10 ERROR : Invalid DAP ACK value: 0
10:33:10 INFO  : ----------------XSDB Script----------------
connect -url tcp:127.0.0.1:3121
source E:/AX7010/labs/pl_led/pl_led.sdk/system_wrapper_hw_platform_0/ps7_init.tcl
targets -set -filter {name =~"APU" && jtag_cable_name =~ "Digilent JTAG-HS1 210249854655"} -index 0
loadhw E:/AX7010/labs/pl_led/pl_led.sdk/system_wrapper_hw_platform_0/system.hdf
targets -set -filter {name =~"APU" && jtag_cable_name =~ "Digilent JTAG-HS1 210249854655"} -index 0
stop
ps7_init
----------------End of Script----------------

10:33:18 INFO  : Connected to target on host '127.0.0.1' and port '3121'.
10:33:18 INFO  : 'targets -set -filter {jtag_cable_name =~ "Digilent JTAG-HS1 210249854655" && level==0} -index 1' command is executed.
10:33:20 INFO  : FPGA configured successfully with bitstream "E:/AX7010/labs/pl_led/pl_led.runs/impl_1/system_wrapper.bit"
10:33:27 INFO  : 'targets -set -filter {jtag_cable_name =~ "Digilent JTAG-HS1 210249854655" && level==0} -index 1' command is executed.
10:33:27 INFO  : 'fpga -state' command is executed.
10:33:28 INFO  : Connected to target on host '127.0.0.1' and port '3121'.
10:33:28 INFO  : Sourcing of 'E:/AX7010/labs/pl_led/pl_led.sdk/system_wrapper_hw_platform_0/ps7_init.tcl' is done.
10:33:28 INFO  : 'targets -set -filter {name =~"APU" && jtag_cable_name =~ "Digilent JTAG-HS1 210249854655"} -index 0' command is executed.
10:33:28 INFO  : Hardware design information is loaded from 'E:/AX7010/labs/pl_led/pl_led.sdk/system_wrapper_hw_platform_0/system.hdf'.
10:33:28 INFO  : 'targets -set -filter {name =~"APU" && jtag_cable_name =~ "Digilent JTAG-HS1 210249854655"} -index 0' command is executed.
10:33:29 INFO  : 'stop' command is executed.
10:33:29 INFO  : 'ps7_init' command is executed.
10:33:29 INFO  : 'ps7_post_config' command is executed.
10:33:29 INFO  : 'con' command is executed.
10:33:29 INFO  : Context for processor 'ps7_cortexa9_0' is selected.
10:33:29 INFO  : Processor reset is completed for 'ps7_cortexa9_0'.
10:33:30 INFO  : Context for processor 'ps7_cortexa9_0' is selected.
10:33:30 INFO  : The application 'E:/AX7010/labs/pl_led/pl_led.sdk/pl_led_test/Debug/pl_led_test.elf' is downloaded to processor 'ps7_cortexa9_0'.
10:33:30 INFO  : ----------------XSDB Script----------------
connect -url tcp:127.0.0.1:3121
source E:/AX7010/labs/pl_led/pl_led.sdk/system_wrapper_hw_platform_0/ps7_init.tcl
targets -set -filter {name =~"APU" && jtag_cable_name =~ "Digilent JTAG-HS1 210249854655"} -index 0
loadhw E:/AX7010/labs/pl_led/pl_led.sdk/system_wrapper_hw_platform_0/system.hdf
targets -set -filter {name =~"APU" && jtag_cable_name =~ "Digilent JTAG-HS1 210249854655"} -index 0
stop
ps7_init
ps7_post_config
con
targets -set -nocase -filter {name =~ "ARM*#0" && jtag_cable_name =~ "Digilent JTAG-HS1 210249854655"} -index 0
rst -processor
targets -set -nocase -filter {name =~ "ARM*#0" && jtag_cable_name =~ "Digilent JTAG-HS1 210249854655"} -index 0
dow E:/AX7010/labs/pl_led/pl_led.sdk/pl_led_test/Debug/pl_led_test.elf
----------------End of Script----------------

10:33:30 INFO  : Memory regions updated for context APU
10:33:30 INFO  : Context for processor 'ps7_cortexa9_0' is selected.
10:33:30 INFO  : 'con' command is executed.
10:33:30 INFO  : ----------------XSDB Script (After Launch)----------------
targets -set -nocase -filter {name =~ "ARM*#0" && jtag_cable_name =~ "Digilent JTAG-HS1 210249854655"} -index 0
con
----------------End of Script----------------

10:43:45 INFO  : Launching XSDB server: xsdb.bat C:/Xilinx/SDK/2015.4/scripts/xsdb/xsdb/xsdb-server.tcl
10:46:45 ERROR : Timed out. 180 seconds have elapsed while waiting for XSDB server to launch.
10:46:45 WARN  : Unexpected exception occurred.
java.lang.Exception: java.lang.Error: Channel is waiting for Hello message
	at org.eclipse.tcf.core.Command.<init>(Command.java:83)
	at com.xilinx.sdk.xsdb.XSDBCommandManager$8.<init>(XSDBCommandManager.java:384)
	at com.xilinx.sdk.xsdb.XSDBCommandManager.issueTcfCmd(XSDBCommandManager.java:384)
	at com.xilinx.sdk.xsdb.XSDBCommandManager.access$4(XSDBCommandManager.java:381)
	at com.xilinx.sdk.xsdb.XSDBCommandManager$7.run(XSDBCommandManager.java:376)
	at org.eclipse.tcf.EventQueue.run(EventQueue.java:95)
	at java.lang.Thread.run(Thread.java:745)
Caused by: java.lang.Error: Channel is waiting for Hello message
	at org.eclipse.tcf.core.AbstractChannel.sendCommand(AbstractChannel.java:874)
	at org.eclipse.tcf.core.Command.<init>(Command.java:79)
	... 6 more
14:44:57 INFO  : Launching XSDB server: xsdb.bat E:/Xilinx/SDK/2015.4/scripts/xsdb/xsdb/xsdb-server.tcl
14:44:58 INFO  : XSDB server has started successfully.
14:44:58 INFO  : Processing command line option -hwspec F:/AX7020/vivado_project/04_pl_led/pl_led.sdk/system_wrapper.hdf.
14:46:33 INFO  : SDK has detected change in the last modified timestamps for source hardware specification file Source:1481265796500,  Project:1477362340425
14:46:33 INFO  : Copied contents of F:/AX7020/vivado_project/04_pl_led/pl_led.sdk/system_wrapper.hdf into \system_wrapper_hw_platform_0\system.hdf.
14:46:35 INFO  : Synchronizing projects in the workspace with the hardware platform specification changes.
14:46:37 INFO  : 
14:46:38 INFO  : Updating hardware inferred compiler options for pl_led_test.
14:46:38 INFO  : Clearing existing target manager status.
15:21:26 ERROR : Unexpected error while parsing XMD response ?: com.google.gson.JsonSyntaxException: com.google.gson.stream.MalformedJsonException: invalid number or unquoted string near 
14:11:51 INFO  : Launching XSDB server: xsdb.bat E:/Xilinx/SDK/2015.4/scripts/xsdb/xsdb/xsdb-server.tcl
14:11:52 INFO  : XSDB server has started successfully.
14:11:55 INFO  : Processing command line option -hwspec F:/AX7020/vivado_project/04_pl_led/pl_led.sdk/system_wrapper.hdf.
14:11:56 INFO  : Checking for hwspec changes in the project system_wrapper_hw_platform_0.
14:13:36 INFO  : Connected to target on host '127.0.0.1' and port '3121'.
14:13:39 INFO  : Sourcing of 'F:/AX7020/vivado_project/04_pl_led/pl_led.sdk/system_wrapper_hw_platform_0/ps7_init.tcl' is done.
14:13:39 INFO  : 'targets -set -filter {name =~"APU" && jtag_cable_name =~ "Digilent JTAG-HS1 210512180081"} -index 0' command is executed.
14:13:39 INFO  : System reset is completed.
14:13:43 INFO  : 'targets -set -filter {jtag_cable_name =~ "Digilent JTAG-HS1 210512180081" && level==0} -index 1' command is executed.
14:13:46 INFO  : FPGA configured successfully with bitstream "F:/AX7020/vivado_project/04_pl_led/pl_led.sdk/system_wrapper_hw_platform_0/system_wrapper.bit"
14:13:47 INFO  : 'targets -set -filter {name =~"APU" && jtag_cable_name =~ "Digilent JTAG-HS1 210512180081"} -index 0' command is executed.
14:13:47 INFO  : Hardware design information is loaded from 'F:/AX7020/vivado_project/04_pl_led/pl_led.sdk/system_wrapper_hw_platform_0/system.hdf'.
14:13:48 INFO  : 'ps7_init' command is executed.
14:13:48 INFO  : 'ps7_post_config' command is executed.
14:13:48 INFO  : Context for processor 'ps7_cortexa9_0' is selected.
14:13:48 INFO  : The application 'F:/AX7020/vivado_project/04_pl_led/pl_led.sdk/pl_led_test/Debug/pl_led_test.elf' is downloaded to processor 'ps7_cortexa9_0'.
14:13:48 INFO  : ----------------XSDB Script----------------
connect -url tcp:127.0.0.1:3121
source F:/AX7020/vivado_project/04_pl_led/pl_led.sdk/system_wrapper_hw_platform_0/ps7_init.tcl
targets -set -filter {name =~"APU" && jtag_cable_name =~ "Digilent JTAG-HS1 210512180081"} -index 0
rst -system
targets -set -filter {jtag_cable_name =~ "Digilent JTAG-HS1 210512180081" && level==0} -index 1
fpga -file F:/AX7020/vivado_project/04_pl_led/pl_led.sdk/system_wrapper_hw_platform_0/system_wrapper.bit
targets -set -filter {name =~"APU" && jtag_cable_name =~ "Digilent JTAG-HS1 210512180081"} -index 0
loadhw F:/AX7020/vivado_project/04_pl_led/pl_led.sdk/system_wrapper_hw_platform_0/system.hdf
ps7_init
ps7_post_config
targets -set -nocase -filter {name =~ "ARM*#0" && jtag_cable_name =~ "Digilent JTAG-HS1 210512180081"} -index 0
dow F:/AX7020/vivado_project/04_pl_led/pl_led.sdk/pl_led_test/Debug/pl_led_test.elf
----------------End of Script----------------

14:13:48 INFO  : Memory regions updated for context APU
14:13:48 INFO  : Context for processor 'ps7_cortexa9_0' is selected.
14:13:49 INFO  : 'con' command is executed.
14:13:49 INFO  : ----------------XSDB Script (After Launch)----------------
targets -set -nocase -filter {name =~ "ARM*#0" && jtag_cable_name =~ "Digilent JTAG-HS1 210512180081"} -index 0
con
----------------End of Script----------------

14:14:03 WARN  : Unexpected exception occurred.
java.io.IOException: Command [C 71 xsdb eval "disconnect tcfchan#1"] aborted
	at org.eclipse.tcf.core.AbstractChannel$9.run(AbstractChannel.java:753)
	at org.eclipse.tcf.EventQueue.run(EventQueue.java:95)
	at java.lang.Thread.run(Thread.java:745)
Caused by: java.net.SocketException: Connection reset
	at java.net.SocketInputStream.read(SocketInputStream.java:209)
	at java.net.SocketInputStream.read(SocketInputStream.java:141)
	at java.io.BufferedInputStream.read1(BufferedInputStream.java:284)
	at java.io.BufferedInputStream.read(BufferedInputStream.java:345)
	at java.io.FilterInputStream.read(FilterInputStream.java:107)
	at org.eclipse.tcf.core.ChannelTCP.get(ChannelTCP.java:162)
	at org.eclipse.tcf.core.StreamChannel.read(StreamChannel.java:84)
	at org.eclipse.tcf.core.AbstractChannel$1.run(AbstractChannel.java:254)
09:34:12 INFO  : Launching XSDB server: xsdb.bat E:/Xilinx/SDK/2015.4/scripts/xsdb/xsdb/xsdb-server.tcl
09:34:14 INFO  : XSDB server has started successfully.
09:34:22 INFO  : Processing command line option -hwspec F:/AX7020/vivado_project/04_pl_led/pl_led.sdk/system_wrapper.hdf.
09:34:22 INFO  : Checking for hwspec changes in the project system_wrapper_hw_platform_0.
09:40:44 INFO  : Connected to target on host '127.0.0.1' and port '3121'.
09:40:45 INFO  : 'targets -set -filter {jtag_cable_name =~ "Digilent JTAG-HS1 210512180081" && level==0} -index 1' command is executed.
09:40:55 INFO  : FPGA configured successfully with bitstream "F:/AX7020/vivado_project/04_pl_led/pl_led.runs/impl_1/system_wrapper.bit"
10:18:14 INFO  : Launching XSDB server: xsdb.bat C:/Xilinx/SDK/2015.4/scripts/xsdb/xsdb/xsdb-server.tcl
10:18:15 INFO  : XSDB server has started successfully.
10:18:22 INFO  : Processing command line option -hwspec Y:/project/AX/AX7020/AX7020_CD/02_source/vivado_project/04_pl_led/pl_led.sdk/system_wrapper.hdf.
10:20:23 INFO  : Connected to target on host '127.0.0.1' and port '3121'.
10:20:26 INFO  : 'targets -set -filter {jtag_cable_name =~ "Digilent JTAG-HS1 210512180081" && level==0} -index 1' command is executed.
10:20:30 INFO  : FPGA configured successfully with bitstream "E:/BaiduYunDownload/AX7020_CD/AX7020_CD/02_source/vivado_project/04_pl_led/pl_led.runs/impl_1/system_wrapper.bit"
10:20:54 INFO  : 'targets -set -filter {jtag_cable_name =~ "Digilent JTAG-HS1 210512180081" && level==0} -index 1' command is executed.
10:20:54 INFO  : 'fpga -state' command is executed.
10:20:54 INFO  : Connected to target on host '127.0.0.1' and port '3121'.
10:20:55 INFO  : Sourcing of 'Y:/project/AX/AX7020/AX7020_CD/02_source/vivado_project/04_pl_led/pl_led.sdk/system_wrapper_hw_platform_0/ps7_init.tcl' is done.
10:20:55 INFO  : 'targets -set -filter {name =~"APU" && jtag_cable_name =~ "Digilent JTAG-HS1 210512180081"} -index 0' command is executed.
10:20:56 INFO  : Hardware design information is loaded from 'Y:/project/AX/AX7020/AX7020_CD/02_source/vivado_project/04_pl_led/pl_led.sdk/system_wrapper_hw_platform_0/system.hdf'.
10:20:56 INFO  : 'targets -set -filter {name =~"APU" && jtag_cable_name =~ "Digilent JTAG-HS1 210512180081"} -index 0' command is executed.
10:20:56 INFO  : 'stop' command is executed.
10:20:56 INFO  : 'ps7_init' command is executed.
10:20:56 INFO  : 'ps7_post_config' command is executed.
10:20:56 INFO  : 'con' command is executed.
10:20:57 INFO  : Context for processor 'ps7_cortexa9_0' is selected.
10:20:57 INFO  : Processor reset is completed for 'ps7_cortexa9_0'.
10:20:57 INFO  : Context for processor 'ps7_cortexa9_0' is selected.
10:20:58 INFO  : The application 'Y:/project/AX/AX7020/AX7020_CD/02_source/vivado_project/04_pl_led/pl_led.sdk/pl_led_test/Debug/pl_led_test.elf' is downloaded to processor 'ps7_cortexa9_0'.
10:20:58 INFO  : ----------------XSDB Script----------------
connect -url tcp:127.0.0.1:3121
source Y:/project/AX/AX7020/AX7020_CD/02_source/vivado_project/04_pl_led/pl_led.sdk/system_wrapper_hw_platform_0/ps7_init.tcl
targets -set -filter {name =~"APU" && jtag_cable_name =~ "Digilent JTAG-HS1 210512180081"} -index 0
loadhw Y:/project/AX/AX7020/AX7020_CD/02_source/vivado_project/04_pl_led/pl_led.sdk/system_wrapper_hw_platform_0/system.hdf
targets -set -filter {name =~"APU" && jtag_cable_name =~ "Digilent JTAG-HS1 210512180081"} -index 0
stop
ps7_init
ps7_post_config
con
targets -set -nocase -filter {name =~ "ARM*#0" && jtag_cable_name =~ "Digilent JTAG-HS1 210512180081"} -index 0
rst -processor
targets -set -nocase -filter {name =~ "ARM*#0" && jtag_cable_name =~ "Digilent JTAG-HS1 210512180081"} -index 0
dow Y:/project/AX/AX7020/AX7020_CD/02_source/vivado_project/04_pl_led/pl_led.sdk/pl_led_test/Debug/pl_led_test.elf
----------------End of Script----------------

10:20:58 INFO  : Memory regions updated for context APU
10:20:58 INFO  : Context for processor 'ps7_cortexa9_0' is selected.
10:20:58 INFO  : 'con' command is executed.
10:20:58 INFO  : ----------------XSDB Script (After Launch)----------------
targets -set -nocase -filter {name =~ "ARM*#0" && jtag_cable_name =~ "Digilent JTAG-HS1 210512180081"} -index 0
con
----------------End of Script----------------

11:27:13 INFO  : Connected to target on host '127.0.0.1' and port '3121'.
11:27:25 WARN  : Unexpected exception occurred.
java.lang.Exception: java.lang.Error: Channel is closed
	at org.eclipse.tcf.core.Command.<init>(Command.java:83)
	at com.xilinx.sdk.xsdb.XSDBCommandManager$8.<init>(XSDBCommandManager.java:384)
	at com.xilinx.sdk.xsdb.XSDBCommandManager.issueTcfCmd(XSDBCommandManager.java:384)
	at com.xilinx.sdk.xsdb.XSDBCommandManager.access$4(XSDBCommandManager.java:381)
	at com.xilinx.sdk.xsdb.XSDBCommandManager$7.run(XSDBCommandManager.java:376)
	at org.eclipse.tcf.EventQueue.run(EventQueue.java:95)
	at java.lang.Thread.run(Thread.java:745)
Caused by: java.lang.Error: Channel is closed
	at org.eclipse.tcf.core.AbstractChannel.sendCommand(AbstractChannel.java:875)
	at org.eclipse.tcf.core.Command.<init>(Command.java:79)
	... 6 more
14:37:30 INFO  : Launching XSDB server: xsdb.bat E:/Xilinx/SDK/2015.4/scripts/xsdb/xsdb/xsdb-server.tcl
14:37:31 INFO  : XSDB server has started successfully.
14:37:38 INFO  : Processing command line option -hwspec Y:/project/AX/AX7020/AX7020_CD/02_source/vivado_project/04_pl_led/pl_led.sdk/system_wrapper.hdf.
14:37:38 INFO  : Checking for hwspec changes in the project system_wrapper_hw_platform_1.
14:39:04 INFO  : Launching XSDB server: xsdb.bat E:/Xilinx/SDK/2015.4/scripts/xsdb/xsdb/xsdb-server.tcl
14:39:05 INFO  : XSDB server has started successfully.
14:39:05 INFO  : Processing command line option -hwspec Y:/project/AX/AX7020/AX7020_CD/02_source/vivado_project/04_pl_led/pl_led.sdk/system_wrapper.hdf.
14:39:23 INFO  : Connected to target on host '127.0.0.1' and port '3121'.
14:39:23 INFO  : Sourcing of 'Y:/project/AX/AX7020/AX7020_CD/02_source/vivado_project/04_pl_led/pl_led.sdk/system_wrapper_hw_platform_0/ps7_init.tcl' is done.
14:39:24 INFO  : 'targets -set -filter {name =~"APU" && jtag_cable_name =~ "Digilent JTAG-HS1 210512180081"} -index 0' command is executed.
14:39:24 INFO  : System reset is completed.
14:39:27 INFO  : 'targets -set -filter {jtag_cable_name =~ "Digilent JTAG-HS1 210512180081" && level==0} -index 1' command is executed.
14:39:31 INFO  : FPGA configured successfully with bitstream "Y:/project/AX/AX7020/AX7020_CD/02_source/vivado_project/04_pl_led/pl_led.sdk/system_wrapper_hw_platform_0/system_wrapper.bit"
14:39:31 INFO  : 'targets -set -filter {name =~"APU" && jtag_cable_name =~ "Digilent JTAG-HS1 210512180081"} -index 0' command is executed.
14:39:31 INFO  : Hardware design information is loaded from 'Y:/project/AX/AX7020/AX7020_CD/02_source/vivado_project/04_pl_led/pl_led.sdk/system_wrapper_hw_platform_0/system.hdf'.
14:39:32 INFO  : 'ps7_init' command is executed.
14:39:32 INFO  : 'ps7_post_config' command is executed.
14:39:32 INFO  : Context for processor 'ps7_cortexa9_0' is selected.
14:39:32 INFO  : The application 'Y:/project/AX/AX7020/AX7020_CD/02_source/vivado_project/04_pl_led/pl_led.sdk/pl_led_test/Debug/pl_led_test.elf' is downloaded to processor 'ps7_cortexa9_0'.
14:39:32 INFO  : ----------------XSDB Script----------------
connect -url tcp:127.0.0.1:3121
source Y:/project/AX/AX7020/AX7020_CD/02_source/vivado_project/04_pl_led/pl_led.sdk/system_wrapper_hw_platform_0/ps7_init.tcl
targets -set -filter {name =~"APU" && jtag_cable_name =~ "Digilent JTAG-HS1 210512180081"} -index 0
rst -system
targets -set -filter {jtag_cable_name =~ "Digilent JTAG-HS1 210512180081" && level==0} -index 1
fpga -file Y:/project/AX/AX7020/AX7020_CD/02_source/vivado_project/04_pl_led/pl_led.sdk/system_wrapper_hw_platform_0/system_wrapper.bit
targets -set -filter {name =~"APU" && jtag_cable_name =~ "Digilent JTAG-HS1 210512180081"} -index 0
loadhw Y:/project/AX/AX7020/AX7020_CD/02_source/vivado_project/04_pl_led/pl_led.sdk/system_wrapper_hw_platform_0/system.hdf
ps7_init
ps7_post_config
targets -set -nocase -filter {name =~ "ARM*#0" && jtag_cable_name =~ "Digilent JTAG-HS1 210512180081"} -index 0
dow Y:/project/AX/AX7020/AX7020_CD/02_source/vivado_project/04_pl_led/pl_led.sdk/pl_led_test/Debug/pl_led_test.elf
----------------End of Script----------------

14:39:32 INFO  : Memory regions updated for context APU
14:39:33 INFO  : Context for processor 'ps7_cortexa9_0' is selected.
14:39:33 INFO  : 'con' command is executed.
14:39:33 INFO  : ----------------XSDB Script (After Launch)----------------
targets -set -nocase -filter {name =~ "ARM*#0" && jtag_cable_name =~ "Digilent JTAG-HS1 210512180081"} -index 0
con
----------------End of Script----------------

14:40:00 WARN  : Unexpected exception occurred.
java.io.IOException: Command [C 77 xsdb eval "disconnect tcfchan#1"] aborted
	at org.eclipse.tcf.core.AbstractChannel$9.run(AbstractChannel.java:753)
	at org.eclipse.tcf.EventQueue.run(EventQueue.java:95)
	at java.lang.Thread.run(Thread.java:745)
Caused by: java.net.SocketException: Connection reset
	at java.net.SocketInputStream.read(SocketInputStream.java:209)
	at java.net.SocketInputStream.read(SocketInputStream.java:141)
	at java.io.BufferedInputStream.read1(BufferedInputStream.java:284)
	at java.io.BufferedInputStream.read(BufferedInputStream.java:345)
	at java.io.FilterInputStream.read(FilterInputStream.java:107)
	at org.eclipse.tcf.core.ChannelTCP.get(ChannelTCP.java:162)
	at org.eclipse.tcf.core.StreamChannel.read(StreamChannel.java:84)
	at org.eclipse.tcf.core.AbstractChannel$1.run(AbstractChannel.java:254)
16:56:36 INFO  : Launching XSDB server: xsdb.bat C:/Xilinx/SDK/2015.4/scripts/xsdb/xsdb/xsdb-server.tcl
16:56:38 INFO  : XSDB server has started successfully.
16:56:39 INFO  : Processing command line option -hwspec Y:/project/AX/AX7020/AX7020_CD/02_source/vivado_project/04_pl_led/pl_led.sdk/system_wrapper.hdf.
16:56:39 INFO  : Checking for hwspec changes in the project system_wrapper_hw_platform_0.
16:56:43 INFO  : Connected to target on host '127.0.0.1' and port '3121'.
16:56:43 INFO  : 'targets -set -filter {jtag_cable_name =~ "Digilent JTAG-HS1 210512180081" && level==0} -index 1' command is executed.
16:56:47 INFO  : FPGA configured successfully with bitstream "E:/BaiduYunDownload/AX7020_CD/AX7020_CD/02_source/vivado_project/04_pl_led/pl_led.runs/impl_1/system_wrapper.bit"
16:56:55 INFO  : Connected to target on host '127.0.0.1' and port '3121'.
16:56:55 INFO  : Sourcing of 'Y:/project/AX/AX7020/AX7020_CD/02_source/vivado_project/04_pl_led/pl_led.sdk/system_wrapper_hw_platform_0/ps7_init.tcl' is done.
16:56:56 INFO  : 'targets -set -filter {name =~"APU" && jtag_cable_name =~ "Digilent JTAG-HS1 210512180081"} -index 0' command is executed.
16:56:56 INFO  : System reset is completed.
16:57:00 INFO  : 'targets -set -filter {jtag_cable_name =~ "Digilent JTAG-HS1 210512180081" && level==0} -index 1' command is executed.
16:57:03 INFO  : FPGA configured successfully with bitstream "Y:/project/AX/AX7020/AX7020_CD/02_source/vivado_project/04_pl_led/pl_led.sdk/system_wrapper_hw_platform_0/system_wrapper.bit"
16:57:03 INFO  : 'targets -set -filter {name =~"APU" && jtag_cable_name =~ "Digilent JTAG-HS1 210512180081"} -index 0' command is executed.
16:57:03 INFO  : Hardware design information is loaded from 'Y:/project/AX/AX7020/AX7020_CD/02_source/vivado_project/04_pl_led/pl_led.sdk/system_wrapper_hw_platform_0/system.hdf'.
16:57:04 INFO  : 'ps7_init' command is executed.
16:57:04 INFO  : 'ps7_post_config' command is executed.
16:57:04 INFO  : Context for processor 'ps7_cortexa9_0' is selected.
16:57:04 INFO  : The application 'Y:/project/AX/AX7020/AX7020_CD/02_source/vivado_project/04_pl_led/pl_led.sdk/pl_led_test/Debug/pl_led_test.elf' is downloaded to processor 'ps7_cortexa9_0'.
16:57:04 INFO  : ----------------XSDB Script----------------
connect -url tcp:127.0.0.1:3121
source Y:/project/AX/AX7020/AX7020_CD/02_source/vivado_project/04_pl_led/pl_led.sdk/system_wrapper_hw_platform_0/ps7_init.tcl
targets -set -filter {name =~"APU" && jtag_cable_name =~ "Digilent JTAG-HS1 210512180081"} -index 0
rst -system
targets -set -filter {jtag_cable_name =~ "Digilent JTAG-HS1 210512180081" && level==0} -index 1
fpga -file Y:/project/AX/AX7020/AX7020_CD/02_source/vivado_project/04_pl_led/pl_led.sdk/system_wrapper_hw_platform_0/system_wrapper.bit
targets -set -filter {name =~"APU" && jtag_cable_name =~ "Digilent JTAG-HS1 210512180081"} -index 0
loadhw Y:/project/AX/AX7020/AX7020_CD/02_source/vivado_project/04_pl_led/pl_led.sdk/system_wrapper_hw_platform_0/system.hdf
ps7_init
ps7_post_config
targets -set -nocase -filter {name =~ "ARM*#0" && jtag_cable_name =~ "Digilent JTAG-HS1 210512180081"} -index 0
dow Y:/project/AX/AX7020/AX7020_CD/02_source/vivado_project/04_pl_led/pl_led.sdk/pl_led_test/Debug/pl_led_test.elf
----------------End of Script----------------

16:57:04 INFO  : Memory regions updated for context APU
16:57:05 INFO  : Context for processor 'ps7_cortexa9_0' is selected.
16:57:05 INFO  : 'con' command is executed.
16:57:05 INFO  : ----------------XSDB Script (After Launch)----------------
targets -set -nocase -filter {name =~ "ARM*#0" && jtag_cable_name =~ "Digilent JTAG-HS1 210512180081"} -index 0
con
----------------End of Script----------------

17:21:43 INFO  : Launching XSDB server: xsdb.bat C:/Xilinx/SDK/2015.4/scripts/xsdb/xsdb/xsdb-server.tcl
17:24:45 ERROR : Timed out. 180 seconds have elapsed while waiting for XSDB server to launch.
17:24:45 WARN  : Unexpected exception occurred.
java.lang.Exception: java.lang.Error: Channel is waiting for Hello message
	at org.eclipse.tcf.core.Command.<init>(Command.java:83)
	at com.xilinx.sdk.xsdb.XSDBCommandManager$8.<init>(XSDBCommandManager.java:384)
	at com.xilinx.sdk.xsdb.XSDBCommandManager.issueTcfCmd(XSDBCommandManager.java:384)
	at com.xilinx.sdk.xsdb.XSDBCommandManager.access$4(XSDBCommandManager.java:381)
	at com.xilinx.sdk.xsdb.XSDBCommandManager$7.run(XSDBCommandManager.java:376)
	at org.eclipse.tcf.EventQueue.run(EventQueue.java:95)
	at java.lang.Thread.run(Thread.java:745)
Caused by: java.lang.Error: Channel is waiting for Hello message
	at org.eclipse.tcf.core.AbstractChannel.sendCommand(AbstractChannel.java:874)
	at org.eclipse.tcf.core.Command.<init>(Command.java:79)
	... 6 more
17:38:50 INFO  : Launching XSDB server: xsdb.bat C:/Xilinx/SDK/2015.4/scripts/xsdb/xsdb/xsdb-server.tcl
17:38:51 INFO  : XSDB server has started successfully.
17:38:51 INFO  : Processing command line option -hwspec Y:/project/AX/AX7020/AX7020_CD/02_source/vivado_project/04_pl_led/pl_led.sdk/system_wrapper.hdf.
17:38:51 INFO  : Checking for hwspec changes in the project system_wrapper_hw_platform_0.
17:39:07 INFO  : Connected to target on host '127.0.0.1' and port '3121'.
17:39:11 INFO  : 'targets -set -filter {jtag_cable_name =~ "Digilent JTAG-HS1 210512180081" && level==0} -index 1' command is executed.
17:39:15 INFO  : FPGA configured successfully with bitstream "E:/BaiduYunDownload/AX7020_CD/AX7020_CD/02_source/vivado_project/04_pl_led/pl_led.runs/impl_1/system_wrapper.bit"
17:39:24 INFO  : Connected to target on host '127.0.0.1' and port '3121'.
17:39:24 INFO  : Sourcing of 'Y:/project/AX/AX7020/AX7020_CD/02_source/vivado_project/04_pl_led/pl_led.sdk/system_wrapper_hw_platform_0/ps7_init.tcl' is done.
17:39:24 INFO  : 'targets -set -filter {name =~"APU" && jtag_cable_name =~ "Digilent JTAG-HS1 210512180081"} -index 0' command is executed.
17:39:25 INFO  : System reset is completed.
17:39:28 INFO  : 'targets -set -filter {jtag_cable_name =~ "Digilent JTAG-HS1 210512180081" && level==0} -index 1' command is executed.
17:39:32 INFO  : FPGA configured successfully with bitstream "Y:/project/AX/AX7020/AX7020_CD/02_source/vivado_project/04_pl_led/pl_led.sdk/system_wrapper_hw_platform_0/system_wrapper.bit"
17:39:32 INFO  : 'targets -set -filter {name =~"APU" && jtag_cable_name =~ "Digilent JTAG-HS1 210512180081"} -index 0' command is executed.
17:39:32 INFO  : Hardware design information is loaded from 'Y:/project/AX/AX7020/AX7020_CD/02_source/vivado_project/04_pl_led/pl_led.sdk/system_wrapper_hw_platform_0/system.hdf'.
17:39:32 INFO  : 'ps7_init' command is executed.
17:39:32 INFO  : 'ps7_post_config' command is executed.
17:39:33 INFO  : Context for processor 'ps7_cortexa9_0' is selected.
17:39:33 INFO  : The application 'Y:/project/AX/AX7020/AX7020_CD/02_source/vivado_project/04_pl_led/pl_led.sdk/pl_led_test/Debug/pl_led_test.elf' is downloaded to processor 'ps7_cortexa9_0'.
17:39:33 INFO  : ----------------XSDB Script----------------
connect -url tcp:127.0.0.1:3121
source Y:/project/AX/AX7020/AX7020_CD/02_source/vivado_project/04_pl_led/pl_led.sdk/system_wrapper_hw_platform_0/ps7_init.tcl
targets -set -filter {name =~"APU" && jtag_cable_name =~ "Digilent JTAG-HS1 210512180081"} -index 0
rst -system
targets -set -filter {jtag_cable_name =~ "Digilent JTAG-HS1 210512180081" && level==0} -index 1
fpga -file Y:/project/AX/AX7020/AX7020_CD/02_source/vivado_project/04_pl_led/pl_led.sdk/system_wrapper_hw_platform_0/system_wrapper.bit
targets -set -filter {name =~"APU" && jtag_cable_name =~ "Digilent JTAG-HS1 210512180081"} -index 0
loadhw Y:/project/AX/AX7020/AX7020_CD/02_source/vivado_project/04_pl_led/pl_led.sdk/system_wrapper_hw_platform_0/system.hdf
ps7_init
ps7_post_config
targets -set -nocase -filter {name =~ "ARM*#0" && jtag_cable_name =~ "Digilent JTAG-HS1 210512180081"} -index 0
dow Y:/project/AX/AX7020/AX7020_CD/02_source/vivado_project/04_pl_led/pl_led.sdk/pl_led_test/Debug/pl_led_test.elf
----------------End of Script----------------

17:39:33 INFO  : Memory regions updated for context APU
17:39:33 INFO  : Context for processor 'ps7_cortexa9_0' is selected.
17:39:33 INFO  : 'con' command is executed.
17:39:33 INFO  : ----------------XSDB Script (After Launch)----------------
targets -set -nocase -filter {name =~ "ARM*#0" && jtag_cable_name =~ "Digilent JTAG-HS1 210512180081"} -index 0
con
----------------End of Script----------------

18:25:54 INFO  : Launching XSDB server: xsdb.bat C:/Xilinx/SDK/2015.4/scripts/xsdb/xsdb/xsdb-server.tcl
18:28:54 ERROR : Timed out. 180 seconds have elapsed while waiting for XSDB server to launch.
18:28:54 WARN  : Unexpected exception occurred.
java.lang.Exception: java.lang.Error: Channel is waiting for Hello message
	at org.eclipse.tcf.core.Command.<init>(Command.java:83)
	at com.xilinx.sdk.xsdb.XSDBCommandManager$8.<init>(XSDBCommandManager.java:384)
	at com.xilinx.sdk.xsdb.XSDBCommandManager.issueTcfCmd(XSDBCommandManager.java:384)
	at com.xilinx.sdk.xsdb.XSDBCommandManager.access$4(XSDBCommandManager.java:381)
	at com.xilinx.sdk.xsdb.XSDBCommandManager$7.run(XSDBCommandManager.java:376)
	at org.eclipse.tcf.EventQueue.run(EventQueue.java:95)
	at java.lang.Thread.run(Thread.java:745)
Caused by: java.lang.Error: Channel is waiting for Hello message
	at org.eclipse.tcf.core.AbstractChannel.sendCommand(AbstractChannel.java:874)
	at org.eclipse.tcf.core.Command.<init>(Command.java:79)
	... 6 more
18:31:20 INFO  : Launching XSDB server: xsdb.bat C:/Xilinx/SDK/2015.4/scripts/xsdb/xsdb/xsdb-server.tcl
18:31:21 INFO  : XSDB server has started successfully.
18:31:22 INFO  : Processing command line option -hwspec Y:/project/AX/AX7020/AX7020_CD/02_source/vivado_project/04_pl_led/pl_led.sdk/system_wrapper.hdf.
18:31:22 INFO  : Checking for hwspec changes in the project system_wrapper_hw_platform_0.
18:31:32 INFO  : Connected to target on host '127.0.0.1' and port '3121'.
18:31:33 INFO  : 'targets -set -filter {jtag_cable_name =~ "Digilent JTAG-HS1 210512180081" && level==0} -index 1' command is executed.
18:31:37 INFO  : FPGA configured successfully with bitstream "E:/BaiduYunDownload/AX7020_CD/AX7020_CD/02_source/vivado_project/04_pl_led/pl_led.runs/impl_1/system_wrapper.bit"
18:31:45 INFO  : Connected to target on host '127.0.0.1' and port '3121'.
18:31:45 INFO  : Sourcing of 'Y:/project/AX/AX7020/AX7020_CD/02_source/vivado_project/04_pl_led/pl_led.sdk/system_wrapper_hw_platform_0/ps7_init.tcl' is done.
18:31:46 INFO  : 'targets -set -filter {name =~"APU" && jtag_cable_name =~ "Digilent JTAG-HS1 210512180081"} -index 0' command is executed.
18:31:46 INFO  : System reset is completed.
18:31:49 INFO  : 'targets -set -filter {jtag_cable_name =~ "Digilent JTAG-HS1 210512180081" && level==0} -index 1' command is executed.
18:31:53 INFO  : FPGA configured successfully with bitstream "Y:/project/AX/AX7020/AX7020_CD/02_source/vivado_project/04_pl_led/pl_led.sdk/system_wrapper_hw_platform_0/system_wrapper.bit"
18:31:53 INFO  : 'targets -set -filter {name =~"APU" && jtag_cable_name =~ "Digilent JTAG-HS1 210512180081"} -index 0' command is executed.
18:31:53 INFO  : Hardware design information is loaded from 'Y:/project/AX/AX7020/AX7020_CD/02_source/vivado_project/04_pl_led/pl_led.sdk/system_wrapper_hw_platform_0/system.hdf'.
18:31:54 INFO  : 'ps7_init' command is executed.
18:31:54 INFO  : 'ps7_post_config' command is executed.
18:31:54 INFO  : Context for processor 'ps7_cortexa9_0' is selected.
18:31:54 INFO  : The application 'Y:/project/AX/AX7020/AX7020_CD/02_source/vivado_project/04_pl_led/pl_led.sdk/pl_led_test/Debug/pl_led_test.elf' is downloaded to processor 'ps7_cortexa9_0'.
18:31:54 INFO  : ----------------XSDB Script----------------
connect -url tcp:127.0.0.1:3121
source Y:/project/AX/AX7020/AX7020_CD/02_source/vivado_project/04_pl_led/pl_led.sdk/system_wrapper_hw_platform_0/ps7_init.tcl
targets -set -filter {name =~"APU" && jtag_cable_name =~ "Digilent JTAG-HS1 210512180081"} -index 0
rst -system
targets -set -filter {jtag_cable_name =~ "Digilent JTAG-HS1 210512180081" && level==0} -index 1
fpga -file Y:/project/AX/AX7020/AX7020_CD/02_source/vivado_project/04_pl_led/pl_led.sdk/system_wrapper_hw_platform_0/system_wrapper.bit
targets -set -filter {name =~"APU" && jtag_cable_name =~ "Digilent JTAG-HS1 210512180081"} -index 0
loadhw Y:/project/AX/AX7020/AX7020_CD/02_source/vivado_project/04_pl_led/pl_led.sdk/system_wrapper_hw_platform_0/system.hdf
ps7_init
ps7_post_config
targets -set -nocase -filter {name =~ "ARM*#0" && jtag_cable_name =~ "Digilent JTAG-HS1 210512180081"} -index 0
dow Y:/project/AX/AX7020/AX7020_CD/02_source/vivado_project/04_pl_led/pl_led.sdk/pl_led_test/Debug/pl_led_test.elf
----------------End of Script----------------

18:31:55 INFO  : Memory regions updated for context APU
18:31:55 INFO  : Context for processor 'ps7_cortexa9_0' is selected.
18:31:55 INFO  : 'con' command is executed.
18:31:55 INFO  : ----------------XSDB Script (After Launch)----------------
targets -set -nocase -filter {name =~ "ARM*#0" && jtag_cable_name =~ "Digilent JTAG-HS1 210512180081"} -index 0
con
----------------End of Script----------------

18:34:37 INFO  : Connected to target on host '127.0.0.1' and port '3121'.
18:34:38 INFO  : 'targets -set -filter {jtag_cable_name =~ "Digilent JTAG-HS1 210512180081" && level==0} -index 1' command is executed.
18:34:42 INFO  : FPGA configured successfully with bitstream "E:/BaiduYunDownload/AX7020_CD/AX7020_CD/02_source/vivado_project/04_pl_led/pl_led.runs/impl_1/system_wrapper.bit"
18:34:53 INFO  : Disconnected from the channel tcfchan#1.
18:34:53 INFO  : Connected to target on host '127.0.0.1' and port '3121'.
18:34:53 INFO  : Sourcing of 'Y:/project/AX/AX7020/AX7020_CD/02_source/vivado_project/04_pl_led/pl_led.sdk/system_wrapper_hw_platform_0/ps7_init.tcl' is done.
18:34:54 INFO  : 'targets -set -filter {name =~"APU" && jtag_cable_name =~ "Digilent JTAG-HS1 210512180081"} -index 0' command is executed.
18:34:54 INFO  : System reset is completed.
18:34:58 INFO  : 'targets -set -filter {jtag_cable_name =~ "Digilent JTAG-HS1 210512180081" && level==0} -index 1' command is executed.
18:35:01 INFO  : FPGA configured successfully with bitstream "Y:/project/AX/AX7020/AX7020_CD/02_source/vivado_project/04_pl_led/pl_led.sdk/system_wrapper_hw_platform_0/system_wrapper.bit"
18:35:02 INFO  : 'targets -set -filter {name =~"APU" && jtag_cable_name =~ "Digilent JTAG-HS1 210512180081"} -index 0' command is executed.
18:35:02 INFO  : Hardware design information is loaded from 'Y:/project/AX/AX7020/AX7020_CD/02_source/vivado_project/04_pl_led/pl_led.sdk/system_wrapper_hw_platform_0/system.hdf'.
18:35:02 INFO  : 'ps7_init' command is executed.
18:35:02 INFO  : 'ps7_post_config' command is executed.
18:35:02 INFO  : Context for processor 'ps7_cortexa9_0' is selected.
18:35:03 INFO  : The application 'Y:/project/AX/AX7020/AX7020_CD/02_source/vivado_project/04_pl_led/pl_led.sdk/pl_led_test/Debug/pl_led_test.elf' is downloaded to processor 'ps7_cortexa9_0'.
18:35:03 INFO  : ----------------XSDB Script----------------
connect -url tcp:127.0.0.1:3121
source Y:/project/AX/AX7020/AX7020_CD/02_source/vivado_project/04_pl_led/pl_led.sdk/system_wrapper_hw_platform_0/ps7_init.tcl
targets -set -filter {name =~"APU" && jtag_cable_name =~ "Digilent JTAG-HS1 210512180081"} -index 0
rst -system
targets -set -filter {jtag_cable_name =~ "Digilent JTAG-HS1 210512180081" && level==0} -index 1
fpga -file Y:/project/AX/AX7020/AX7020_CD/02_source/vivado_project/04_pl_led/pl_led.sdk/system_wrapper_hw_platform_0/system_wrapper.bit
targets -set -filter {name =~"APU" && jtag_cable_name =~ "Digilent JTAG-HS1 210512180081"} -index 0
loadhw Y:/project/AX/AX7020/AX7020_CD/02_source/vivado_project/04_pl_led/pl_led.sdk/system_wrapper_hw_platform_0/system.hdf
ps7_init
ps7_post_config
targets -set -nocase -filter {name =~ "ARM*#0" && jtag_cable_name =~ "Digilent JTAG-HS1 210512180081"} -index 0
dow Y:/project/AX/AX7020/AX7020_CD/02_source/vivado_project/04_pl_led/pl_led.sdk/pl_led_test/Debug/pl_led_test.elf
----------------End of Script----------------

18:35:03 INFO  : Memory regions updated for context APU
18:35:03 INFO  : Context for processor 'ps7_cortexa9_0' is selected.
18:35:03 INFO  : 'con' command is executed.
18:35:03 INFO  : ----------------XSDB Script (After Launch)----------------
targets -set -nocase -filter {name =~ "ARM*#0" && jtag_cable_name =~ "Digilent JTAG-HS1 210512180081"} -index 0
con
----------------End of Script----------------

18:36:34 INFO  : Disconnected from the channel tcfchan#2.
18:36:34 INFO  : Connected to target on host '127.0.0.1' and port '3121'.
18:36:35 INFO  : Sourcing of 'Y:/project/AX/AX7020/AX7020_CD/02_source/vivado_project/04_pl_led/pl_led.sdk/system_wrapper_hw_platform_0/ps7_init.tcl' is done.
18:36:35 INFO  : ----------------XSDB Script----------------
connect -url tcp:127.0.0.1:3121
source Y:/project/AX/AX7020/AX7020_CD/02_source/vivado_project/04_pl_led/pl_led.sdk/system_wrapper_hw_platform_0/ps7_init.tcl
----------------End of Script----------------

18:36:54 INFO  : Connected to target on host '127.0.0.1' and port '3121'.
18:36:54 INFO  : Sourcing of 'Y:/project/AX/AX7020/AX7020_CD/02_source/vivado_project/04_pl_led/pl_led.sdk/system_wrapper_hw_platform_0/ps7_init.tcl' is done.
18:36:54 INFO  : ----------------XSDB Script----------------
connect -url tcp:127.0.0.1:3121
source Y:/project/AX/AX7020/AX7020_CD/02_source/vivado_project/04_pl_led/pl_led.sdk/system_wrapper_hw_platform_0/ps7_init.tcl
----------------End of Script----------------

18:41:18 INFO  : Connected to target on host '127.0.0.1' and port '3121'.
18:41:18 INFO  : Sourcing of 'Y:/project/AX/AX7020/AX7020_CD/02_source/vivado_project/04_pl_led/pl_led.sdk/system_wrapper_hw_platform_0/ps7_init.tcl' is done.
18:41:18 INFO  : 'targets -set -filter {name =~"APU" && jtag_cable_name =~ "Digilent JTAG-HS1 210512180081"} -index 0' command is executed.
18:41:19 INFO  : System reset is completed.
18:41:22 INFO  : 'targets -set -filter {jtag_cable_name =~ "Digilent JTAG-HS1 210512180081" && level==0} -index 1' command is executed.
18:41:26 INFO  : FPGA configured successfully with bitstream "Y:/project/AX/AX7020/AX7020_CD/02_source/vivado_project/04_pl_led/pl_led.sdk/system_wrapper_hw_platform_0/system_wrapper.bit"
18:41:26 INFO  : 'targets -set -filter {name =~"APU" && jtag_cable_name =~ "Digilent JTAG-HS1 210512180081"} -index 0' command is executed.
18:41:26 INFO  : Hardware design information is loaded from 'Y:/project/AX/AX7020/AX7020_CD/02_source/vivado_project/04_pl_led/pl_led.sdk/system_wrapper_hw_platform_0/system.hdf'.
18:41:26 INFO  : 'ps7_init' command is executed.
18:41:27 INFO  : 'ps7_post_config' command is executed.
18:41:27 INFO  : Context for processor 'ps7_cortexa9_0' is selected.
18:41:27 INFO  : The application 'Y:/project/AX/AX7020/AX7020_CD/02_source/vivado_project/04_pl_led/pl_led.sdk/pl_led_test/Debug/pl_led_test.elf' is downloaded to processor 'ps7_cortexa9_0'.
18:41:27 INFO  : ----------------XSDB Script----------------
connect -url tcp:127.0.0.1:3121
source Y:/project/AX/AX7020/AX7020_CD/02_source/vivado_project/04_pl_led/pl_led.sdk/system_wrapper_hw_platform_0/ps7_init.tcl
targets -set -filter {name =~"APU" && jtag_cable_name =~ "Digilent JTAG-HS1 210512180081"} -index 0
rst -system
targets -set -filter {jtag_cable_name =~ "Digilent JTAG-HS1 210512180081" && level==0} -index 1
fpga -file Y:/project/AX/AX7020/AX7020_CD/02_source/vivado_project/04_pl_led/pl_led.sdk/system_wrapper_hw_platform_0/system_wrapper.bit
targets -set -filter {name =~"APU" && jtag_cable_name =~ "Digilent JTAG-HS1 210512180081"} -index 0
loadhw Y:/project/AX/AX7020/AX7020_CD/02_source/vivado_project/04_pl_led/pl_led.sdk/system_wrapper_hw_platform_0/system.hdf
ps7_init
ps7_post_config
targets -set -nocase -filter {name =~ "ARM*#0" && jtag_cable_name =~ "Digilent JTAG-HS1 210512180081"} -index 0
dow Y:/project/AX/AX7020/AX7020_CD/02_source/vivado_project/04_pl_led/pl_led.sdk/pl_led_test/Debug/pl_led_test.elf
----------------End of Script----------------

18:41:27 INFO  : Memory regions updated for context APU
18:41:27 INFO  : Context for processor 'ps7_cortexa9_0' is selected.
18:41:27 INFO  : 'con' command is executed.
18:41:27 INFO  : ----------------XSDB Script (After Launch)----------------
targets -set -nocase -filter {name =~ "ARM*#0" && jtag_cable_name =~ "Digilent JTAG-HS1 210512180081"} -index 0
con
----------------End of Script----------------

18:46:02 INFO  : Disconnected from the channel tcfchan#3.
18:46:02 INFO  : Connected to target on host '127.0.0.1' and port '3121'.
18:46:02 INFO  : Sourcing of 'Y:/project/AX/AX7020/AX7020_CD/02_source/vivado_project/04_pl_led/pl_led.sdk/system_wrapper_hw_platform_0/ps7_init.tcl' is done.
18:46:05 INFO  : ----------------XSDB Script----------------
connect -url tcp:127.0.0.1:3121
source Y:/project/AX/AX7020/AX7020_CD/02_source/vivado_project/04_pl_led/pl_led.sdk/system_wrapper_hw_platform_0/ps7_init.tcl
----------------End of Script----------------

18:57:39 INFO  : Connected to target on host '127.0.0.1' and port '3121'.
18:57:39 INFO  : Sourcing of 'Y:/project/AX/AX7020/AX7020_CD/02_source/vivado_project/04_pl_led/pl_led.sdk/system_wrapper_hw_platform_0/ps7_init.tcl' is done.
18:57:39 INFO  : 'targets -set -filter {name =~"APU" && jtag_cable_name =~ "Digilent JTAG-HS1 210512180081"} -index 0' command is executed.
18:57:40 INFO  : System reset is completed.
18:57:43 INFO  : 'targets -set -filter {jtag_cable_name =~ "Digilent JTAG-HS1 210512180081" && level==0} -index 1' command is executed.
18:57:47 INFO  : FPGA configured successfully with bitstream "Y:/project/AX/AX7020/AX7020_CD/02_source/vivado_project/04_pl_led/pl_led.sdk/system_wrapper_hw_platform_0/system_wrapper.bit"
18:57:47 INFO  : 'targets -set -filter {name =~"APU" && jtag_cable_name =~ "Digilent JTAG-HS1 210512180081"} -index 0' command is executed.
18:57:47 INFO  : Hardware design information is loaded from 'Y:/project/AX/AX7020/AX7020_CD/02_source/vivado_project/04_pl_led/pl_led.sdk/system_wrapper_hw_platform_0/system.hdf'.
18:57:48 INFO  : 'ps7_init' command is executed.
18:57:48 INFO  : 'ps7_post_config' command is executed.
18:57:48 INFO  : Context for processor 'ps7_cortexa9_0' is selected.
18:57:49 INFO  : The application 'Y:/project/AX/AX7020/AX7020_CD/02_source/vivado_project/04_pl_led/pl_led.sdk/pl_led_test/Debug/pl_led_test.elf' is downloaded to processor 'ps7_cortexa9_0'.
18:57:49 INFO  : ----------------XSDB Script----------------
connect -url tcp:127.0.0.1:3121
source Y:/project/AX/AX7020/AX7020_CD/02_source/vivado_project/04_pl_led/pl_led.sdk/system_wrapper_hw_platform_0/ps7_init.tcl
targets -set -filter {name =~"APU" && jtag_cable_name =~ "Digilent JTAG-HS1 210512180081"} -index 0
rst -system
targets -set -filter {jtag_cable_name =~ "Digilent JTAG-HS1 210512180081" && level==0} -index 1
fpga -file Y:/project/AX/AX7020/AX7020_CD/02_source/vivado_project/04_pl_led/pl_led.sdk/system_wrapper_hw_platform_0/system_wrapper.bit
targets -set -filter {name =~"APU" && jtag_cable_name =~ "Digilent JTAG-HS1 210512180081"} -index 0
loadhw Y:/project/AX/AX7020/AX7020_CD/02_source/vivado_project/04_pl_led/pl_led.sdk/system_wrapper_hw_platform_0/system.hdf
ps7_init
ps7_post_config
targets -set -nocase -filter {name =~ "ARM*#0" && jtag_cable_name =~ "Digilent JTAG-HS1 210512180081"} -index 0
dow Y:/project/AX/AX7020/AX7020_CD/02_source/vivado_project/04_pl_led/pl_led.sdk/pl_led_test/Debug/pl_led_test.elf
----------------End of Script----------------

18:57:49 INFO  : Memory regions updated for context APU
18:57:49 INFO  : Context for processor 'ps7_cortexa9_0' is selected.
18:57:49 INFO  : 'con' command is executed.
18:57:49 INFO  : ----------------XSDB Script (After Launch)----------------
targets -set -nocase -filter {name =~ "ARM*#0" && jtag_cable_name =~ "Digilent JTAG-HS1 210512180081"} -index 0
con
----------------End of Script----------------

19:09:24 INFO  : Disconnected from the channel tcfchan#4.
19:09:25 INFO  : Connected to target on host '127.0.0.1' and port '3121'.
19:09:25 INFO  : Sourcing of 'Y:/project/AX/AX7020/AX7020_CD/02_source/vivado_project/04_pl_led/pl_led.sdk/system_wrapper_hw_platform_0/ps7_init.tcl' is done.
19:09:25 INFO  : 'targets -set -filter {name =~"APU" && jtag_cable_name =~ "Digilent JTAG-HS1 210512180081"} -index 0' command is executed.
19:09:26 INFO  : System reset is completed.
19:09:29 INFO  : 'targets -set -filter {jtag_cable_name =~ "Digilent JTAG-HS1 210512180081" && level==0} -index 1' command is executed.
19:09:33 INFO  : FPGA configured successfully with bitstream "Y:/project/AX/AX7020/AX7020_CD/02_source/vivado_project/04_pl_led/pl_led.sdk/system_wrapper_hw_platform_0/system_wrapper.bit"
19:09:33 INFO  : 'targets -set -filter {name =~"APU" && jtag_cable_name =~ "Digilent JTAG-HS1 210512180081"} -index 0' command is executed.
19:09:34 INFO  : Hardware design information is loaded from 'Y:/project/AX/AX7020/AX7020_CD/02_source/vivado_project/04_pl_led/pl_led.sdk/system_wrapper_hw_platform_0/system.hdf'.
19:09:34 INFO  : 'ps7_init' command is executed.
19:09:35 INFO  : 'ps7_post_config' command is executed.
19:09:35 INFO  : Context for processor 'ps7_cortexa9_0' is selected.
19:09:35 INFO  : The application 'Y:/project/AX/AX7020/AX7020_CD/02_source/vivado_project/04_pl_led/pl_led.sdk/pl_led_test/Debug/pl_led_test.elf' is downloaded to processor 'ps7_cortexa9_0'.
19:09:35 INFO  : ----------------XSDB Script----------------
connect -url tcp:127.0.0.1:3121
source Y:/project/AX/AX7020/AX7020_CD/02_source/vivado_project/04_pl_led/pl_led.sdk/system_wrapper_hw_platform_0/ps7_init.tcl
targets -set -filter {name =~"APU" && jtag_cable_name =~ "Digilent JTAG-HS1 210512180081"} -index 0
rst -system
targets -set -filter {jtag_cable_name =~ "Digilent JTAG-HS1 210512180081" && level==0} -index 1
fpga -file Y:/project/AX/AX7020/AX7020_CD/02_source/vivado_project/04_pl_led/pl_led.sdk/system_wrapper_hw_platform_0/system_wrapper.bit
targets -set -filter {name =~"APU" && jtag_cable_name =~ "Digilent JTAG-HS1 210512180081"} -index 0
loadhw Y:/project/AX/AX7020/AX7020_CD/02_source/vivado_project/04_pl_led/pl_led.sdk/system_wrapper_hw_platform_0/system.hdf
ps7_init
ps7_post_config
targets -set -nocase -filter {name =~ "ARM*#0" && jtag_cable_name =~ "Digilent JTAG-HS1 210512180081"} -index 0
dow Y:/project/AX/AX7020/AX7020_CD/02_source/vivado_project/04_pl_led/pl_led.sdk/pl_led_test/Debug/pl_led_test.elf
----------------End of Script----------------

19:09:35 INFO  : Memory regions updated for context APU
19:09:35 INFO  : Context for processor 'ps7_cortexa9_0' is selected.
19:09:36 INFO  : 'con' command is executed.
19:09:36 INFO  : ----------------XSDB Script (After Launch)----------------
targets -set -nocase -filter {name =~ "ARM*#0" && jtag_cable_name =~ "Digilent JTAG-HS1 210512180081"} -index 0
con
----------------End of Script----------------

19:17:30 INFO  : Disconnected from the channel tcfchan#5.
19:17:30 INFO  : Connected to target on host '127.0.0.1' and port '3121'.
19:17:30 INFO  : Sourcing of 'Y:/project/AX/AX7020/AX7020_CD/02_source/vivado_project/04_pl_led/pl_led.sdk/system_wrapper_hw_platform_0/ps7_init.tcl' is done.
19:17:30 INFO  : 'targets -set -filter {name =~"APU" && jtag_cable_name =~ "Digilent JTAG-HS1 210512180081"} -index 0' command is executed.
19:17:31 INFO  : System reset is completed.
19:17:34 INFO  : 'targets -set -filter {jtag_cable_name =~ "Digilent JTAG-HS1 210512180081" && level==0} -index 1' command is executed.
19:17:38 INFO  : FPGA configured successfully with bitstream "Y:/project/AX/AX7020/AX7020_CD/02_source/vivado_project/04_pl_led/pl_led.sdk/system_wrapper_hw_platform_0/system_wrapper.bit"
19:17:38 INFO  : 'targets -set -filter {name =~"APU" && jtag_cable_name =~ "Digilent JTAG-HS1 210512180081"} -index 0' command is executed.
19:17:38 INFO  : Hardware design information is loaded from 'Y:/project/AX/AX7020/AX7020_CD/02_source/vivado_project/04_pl_led/pl_led.sdk/system_wrapper_hw_platform_0/system.hdf'.
19:17:39 INFO  : 'ps7_init' command is executed.
19:17:39 INFO  : 'ps7_post_config' command is executed.
19:17:39 INFO  : Context for processor 'ps7_cortexa9_0' is selected.
19:17:40 INFO  : The application 'Y:/project/AX/AX7020/AX7020_CD/02_source/vivado_project/04_pl_led/pl_led.sdk/pl_led_test/Debug/pl_led_test.elf' is downloaded to processor 'ps7_cortexa9_0'.
19:17:40 INFO  : ----------------XSDB Script----------------
connect -url tcp:127.0.0.1:3121
source Y:/project/AX/AX7020/AX7020_CD/02_source/vivado_project/04_pl_led/pl_led.sdk/system_wrapper_hw_platform_0/ps7_init.tcl
targets -set -filter {name =~"APU" && jtag_cable_name =~ "Digilent JTAG-HS1 210512180081"} -index 0
rst -system
targets -set -filter {jtag_cable_name =~ "Digilent JTAG-HS1 210512180081" && level==0} -index 1
fpga -file Y:/project/AX/AX7020/AX7020_CD/02_source/vivado_project/04_pl_led/pl_led.sdk/system_wrapper_hw_platform_0/system_wrapper.bit
targets -set -filter {name =~"APU" && jtag_cable_name =~ "Digilent JTAG-HS1 210512180081"} -index 0
loadhw Y:/project/AX/AX7020/AX7020_CD/02_source/vivado_project/04_pl_led/pl_led.sdk/system_wrapper_hw_platform_0/system.hdf
ps7_init
ps7_post_config
targets -set -nocase -filter {name =~ "ARM*#0" && jtag_cable_name =~ "Digilent JTAG-HS1 210512180081"} -index 0
dow Y:/project/AX/AX7020/AX7020_CD/02_source/vivado_project/04_pl_led/pl_led.sdk/pl_led_test/Debug/pl_led_test.elf
----------------End of Script----------------

19:17:40 INFO  : Memory regions updated for context APU
19:17:40 INFO  : Context for processor 'ps7_cortexa9_0' is selected.
19:17:40 INFO  : 'con' command is executed.
19:17:40 INFO  : ----------------XSDB Script (After Launch)----------------
targets -set -nocase -filter {name =~ "ARM*#0" && jtag_cable_name =~ "Digilent JTAG-HS1 210512180081"} -index 0
con
----------------End of Script----------------

19:21:07 INFO  : Disconnected from the channel tcfchan#6.
19:21:07 INFO  : Connected to target on host '127.0.0.1' and port '3121'.
19:21:07 INFO  : Sourcing of 'Y:/project/AX/AX7020/AX7020_CD/02_source/vivado_project/04_pl_led/pl_led.sdk/system_wrapper_hw_platform_0/ps7_init.tcl' is done.
19:21:08 INFO  : 'targets -set -filter {name =~"APU" && jtag_cable_name =~ "Digilent JTAG-HS1 210512180081"} -index 0' command is executed.
19:21:10 INFO  : System reset is completed.
19:21:13 INFO  : 'targets -set -filter {jtag_cable_name =~ "Digilent JTAG-HS1 210512180081" && level==0} -index 1' command is executed.
19:21:17 INFO  : FPGA configured successfully with bitstream "Y:/project/AX/AX7020/AX7020_CD/02_source/vivado_project/04_pl_led/pl_led.sdk/system_wrapper_hw_platform_0/system_wrapper.bit"
19:21:18 INFO  : 'targets -set -filter {name =~"APU" && jtag_cable_name =~ "Digilent JTAG-HS1 210512180081"} -index 0' command is executed.
19:21:18 INFO  : Hardware design information is loaded from 'Y:/project/AX/AX7020/AX7020_CD/02_source/vivado_project/04_pl_led/pl_led.sdk/system_wrapper_hw_platform_0/system.hdf'.
19:21:20 INFO  : 'ps7_init' command is executed.
19:21:20 INFO  : 'ps7_post_config' command is executed.
19:21:20 INFO  : Context for processor 'ps7_cortexa9_0' is selected.
19:21:20 INFO  : The application 'Y:/project/AX/AX7020/AX7020_CD/02_source/vivado_project/04_pl_led/pl_led.sdk/pl_led_test/Debug/pl_led_test.elf' is downloaded to processor 'ps7_cortexa9_0'.
19:21:20 INFO  : ----------------XSDB Script----------------
connect -url tcp:127.0.0.1:3121
source Y:/project/AX/AX7020/AX7020_CD/02_source/vivado_project/04_pl_led/pl_led.sdk/system_wrapper_hw_platform_0/ps7_init.tcl
targets -set -filter {name =~"APU" && jtag_cable_name =~ "Digilent JTAG-HS1 210512180081"} -index 0
rst -system
targets -set -filter {jtag_cable_name =~ "Digilent JTAG-HS1 210512180081" && level==0} -index 1
fpga -file Y:/project/AX/AX7020/AX7020_CD/02_source/vivado_project/04_pl_led/pl_led.sdk/system_wrapper_hw_platform_0/system_wrapper.bit
targets -set -filter {name =~"APU" && jtag_cable_name =~ "Digilent JTAG-HS1 210512180081"} -index 0
loadhw Y:/project/AX/AX7020/AX7020_CD/02_source/vivado_project/04_pl_led/pl_led.sdk/system_wrapper_hw_platform_0/system.hdf
ps7_init
ps7_post_config
targets -set -nocase -filter {name =~ "ARM*#0" && jtag_cable_name =~ "Digilent JTAG-HS1 210512180081"} -index 0
dow Y:/project/AX/AX7020/AX7020_CD/02_source/vivado_project/04_pl_led/pl_led.sdk/pl_led_test/Debug/pl_led_test.elf
----------------End of Script----------------

19:21:21 INFO  : Memory regions updated for context APU
19:21:21 INFO  : Context for processor 'ps7_cortexa9_0' is selected.
19:21:21 INFO  : 'con' command is executed.
19:21:21 INFO  : ----------------XSDB Script (After Launch)----------------
targets -set -nocase -filter {name =~ "ARM*#0" && jtag_cable_name =~ "Digilent JTAG-HS1 210512180081"} -index 0
con
----------------End of Script----------------

19:24:34 INFO  : Disconnected from the channel tcfchan#7.
19:24:34 INFO  : Connected to target on host '127.0.0.1' and port '3121'.
19:24:35 INFO  : Sourcing of 'Y:/project/AX/AX7020/AX7020_CD/02_source/vivado_project/04_pl_led/pl_led.sdk/system_wrapper_hw_platform_0/ps7_init.tcl' is done.
19:24:35 INFO  : 'targets -set -filter {name =~"APU" && jtag_cable_name =~ "Digilent JTAG-HS1 210512180081"} -index 0' command is executed.
19:24:38 INFO  : System reset is completed.
19:24:41 INFO  : 'targets -set -filter {jtag_cable_name =~ "Digilent JTAG-HS1 210512180081" && level==0} -index 1' command is executed.
19:24:45 INFO  : FPGA configured successfully with bitstream "Y:/project/AX/AX7020/AX7020_CD/02_source/vivado_project/04_pl_led/pl_led.sdk/system_wrapper_hw_platform_0/system_wrapper.bit"
19:24:46 INFO  : 'targets -set -filter {name =~"APU" && jtag_cable_name =~ "Digilent JTAG-HS1 210512180081"} -index 0' command is executed.
19:24:46 INFO  : Hardware design information is loaded from 'Y:/project/AX/AX7020/AX7020_CD/02_source/vivado_project/04_pl_led/pl_led.sdk/system_wrapper_hw_platform_0/system.hdf'.
19:24:48 INFO  : 'ps7_init' command is executed.
19:24:49 INFO  : 'ps7_post_config' command is executed.
19:24:49 INFO  : Context for processor 'ps7_cortexa9_0' is selected.
19:24:49 INFO  : The application 'Y:/project/AX/AX7020/AX7020_CD/02_source/vivado_project/04_pl_led/pl_led.sdk/pl_led_test/Debug/pl_led_test.elf' is downloaded to processor 'ps7_cortexa9_0'.
19:24:49 INFO  : ----------------XSDB Script----------------
connect -url tcp:127.0.0.1:3121
source Y:/project/AX/AX7020/AX7020_CD/02_source/vivado_project/04_pl_led/pl_led.sdk/system_wrapper_hw_platform_0/ps7_init.tcl
targets -set -filter {name =~"APU" && jtag_cable_name =~ "Digilent JTAG-HS1 210512180081"} -index 0
rst -system
targets -set -filter {jtag_cable_name =~ "Digilent JTAG-HS1 210512180081" && level==0} -index 1
fpga -file Y:/project/AX/AX7020/AX7020_CD/02_source/vivado_project/04_pl_led/pl_led.sdk/system_wrapper_hw_platform_0/system_wrapper.bit
targets -set -filter {name =~"APU" && jtag_cable_name =~ "Digilent JTAG-HS1 210512180081"} -index 0
loadhw Y:/project/AX/AX7020/AX7020_CD/02_source/vivado_project/04_pl_led/pl_led.sdk/system_wrapper_hw_platform_0/system.hdf
ps7_init
ps7_post_config
targets -set -nocase -filter {name =~ "ARM*#0" && jtag_cable_name =~ "Digilent JTAG-HS1 210512180081"} -index 0
dow Y:/project/AX/AX7020/AX7020_CD/02_source/vivado_project/04_pl_led/pl_led.sdk/pl_led_test/Debug/pl_led_test.elf
----------------End of Script----------------

19:24:49 INFO  : Memory regions updated for context APU
19:24:49 INFO  : Context for processor 'ps7_cortexa9_0' is selected.
19:24:49 INFO  : 'con' command is executed.
19:24:49 INFO  : ----------------XSDB Script (After Launch)----------------
targets -set -nocase -filter {name =~ "ARM*#0" && jtag_cable_name =~ "Digilent JTAG-HS1 210512180081"} -index 0
con
----------------End of Script----------------

19:47:34 INFO  : Disconnected from the channel tcfchan#8.
19:47:34 INFO  : Connected to target on host '127.0.0.1' and port '3121'.
19:47:35 INFO  : Sourcing of 'Y:/project/AX/AX7020/AX7020_CD/02_source/vivado_project/04_pl_led/pl_led.sdk/system_wrapper_hw_platform_0/ps7_init.tcl' is done.
19:47:36 INFO  : 'targets -set -filter {name =~"APU" && jtag_cable_name =~ "Digilent JTAG-HS1 210512180081"} -index 0' command is executed.
19:47:37 INFO  : System reset is completed.
19:47:40 INFO  : 'targets -set -filter {jtag_cable_name =~ "Digilent JTAG-HS1 210512180081" && level==0} -index 1' command is executed.
19:47:45 INFO  : FPGA configured successfully with bitstream "Y:/project/AX/AX7020/AX7020_CD/02_source/vivado_project/04_pl_led/pl_led.sdk/system_wrapper_hw_platform_0/system_wrapper.bit"
19:47:46 INFO  : 'targets -set -filter {name =~"APU" && jtag_cable_name =~ "Digilent JTAG-HS1 210512180081"} -index 0' command is executed.
19:47:46 INFO  : Hardware design information is loaded from 'Y:/project/AX/AX7020/AX7020_CD/02_source/vivado_project/04_pl_led/pl_led.sdk/system_wrapper_hw_platform_0/system.hdf'.
19:47:53 INFO  : 'ps7_init' command is executed.
19:47:54 INFO  : 'ps7_post_config' command is executed.
19:47:54 INFO  : Context for processor 'ps7_cortexa9_0' is selected.
19:47:56 INFO  : The application 'Y:/project/AX/AX7020/AX7020_CD/02_source/vivado_project/04_pl_led/pl_led.sdk/pl_led_test/Debug/pl_led_test.elf' is downloaded to processor 'ps7_cortexa9_0'.
19:47:56 INFO  : ----------------XSDB Script----------------
connect -url tcp:127.0.0.1:3121
source Y:/project/AX/AX7020/AX7020_CD/02_source/vivado_project/04_pl_led/pl_led.sdk/system_wrapper_hw_platform_0/ps7_init.tcl
targets -set -filter {name =~"APU" && jtag_cable_name =~ "Digilent JTAG-HS1 210512180081"} -index 0
rst -system
targets -set -filter {jtag_cable_name =~ "Digilent JTAG-HS1 210512180081" && level==0} -index 1
fpga -file Y:/project/AX/AX7020/AX7020_CD/02_source/vivado_project/04_pl_led/pl_led.sdk/system_wrapper_hw_platform_0/system_wrapper.bit
targets -set -filter {name =~"APU" && jtag_cable_name =~ "Digilent JTAG-HS1 210512180081"} -index 0
loadhw Y:/project/AX/AX7020/AX7020_CD/02_source/vivado_project/04_pl_led/pl_led.sdk/system_wrapper_hw_platform_0/system.hdf
ps7_init
ps7_post_config
targets -set -nocase -filter {name =~ "ARM*#0" && jtag_cable_name =~ "Digilent JTAG-HS1 210512180081"} -index 0
dow Y:/project/AX/AX7020/AX7020_CD/02_source/vivado_project/04_pl_led/pl_led.sdk/pl_led_test/Debug/pl_led_test.elf
----------------End of Script----------------

19:47:56 INFO  : Memory regions updated for context APU
19:47:56 INFO  : Context for processor 'ps7_cortexa9_0' is selected.
19:47:56 INFO  : 'con' command is executed.
19:47:56 INFO  : ----------------XSDB Script (After Launch)----------------
targets -set -nocase -filter {name =~ "ARM*#0" && jtag_cable_name =~ "Digilent JTAG-HS1 210512180081"} -index 0
con
----------------End of Script----------------

19:52:56 INFO  : Launching XSDB server: xsdb.bat C:/Xilinx/SDK/2015.4/scripts/xsdb/xsdb/xsdb-server.tcl
19:55:56 ERROR : Timed out. 180 seconds have elapsed while waiting for XSDB server to launch.
19:55:56 WARN  : Unexpected exception occurred.
java.lang.Exception: java.lang.Error: Channel is waiting for Hello message
	at org.eclipse.tcf.core.Command.<init>(Command.java:83)
	at com.xilinx.sdk.xsdb.XSDBCommandManager$8.<init>(XSDBCommandManager.java:384)
	at com.xilinx.sdk.xsdb.XSDBCommandManager.issueTcfCmd(XSDBCommandManager.java:384)
	at com.xilinx.sdk.xsdb.XSDBCommandManager.access$4(XSDBCommandManager.java:381)
	at com.xilinx.sdk.xsdb.XSDBCommandManager$7.run(XSDBCommandManager.java:376)
	at org.eclipse.tcf.EventQueue.run(EventQueue.java:95)
	at java.lang.Thread.run(Thread.java:745)
Caused by: java.lang.Error: Channel is waiting for Hello message
	at org.eclipse.tcf.core.AbstractChannel.sendCommand(AbstractChannel.java:874)
	at org.eclipse.tcf.core.Command.<init>(Command.java:79)
	... 6 more
11:45:02 INFO  : Launching XSDB server: xsdb.bat C:/Xilinx/SDK/2015.4/scripts/xsdb/xsdb/xsdb-server.tcl
11:45:03 INFO  : XSDB server has started successfully.
11:45:04 INFO  : Processing command line option -hwspec Y:/project/AX/AX7020/AX7020_CD/02_source/vivado_project/04_pl_led/pl_led.sdk/system_wrapper.hdf.
11:45:04 INFO  : Checking for hwspec changes in the project system_wrapper_hw_platform_0.
11:45:14 INFO  : Connected to target on host '127.0.0.1' and port '3121'.
11:45:15 INFO  : Sourcing of 'Y:/project/AX/AX7020/AX7020_CD/02_source/vivado_project/04_pl_led/pl_led.sdk/system_wrapper_hw_platform_0/ps7_init.tcl' is done.
11:45:15 INFO  : ----------------XSDB Script----------------
connect -url tcp:127.0.0.1:3121
source Y:/project/AX/AX7020/AX7020_CD/02_source/vivado_project/04_pl_led/pl_led.sdk/system_wrapper_hw_platform_0/ps7_init.tcl
----------------End of Script----------------

11:50:54 INFO  : Connected to target on host '127.0.0.1' and port '3121'.
11:50:54 INFO  : Sourcing of 'Y:/project/AX/AX7020/AX7020_CD/02_source/vivado_project/04_pl_led/pl_led.sdk/system_wrapper_hw_platform_0/ps7_init.tcl' is done.
11:50:55 INFO  : 'targets -set -filter {name =~"APU" && jtag_cable_name =~ "Digilent JTAG-HS1 210512180081"} -index 0' command is executed.
11:50:55 INFO  : System reset is completed.
11:50:59 INFO  : 'targets -set -filter {jtag_cable_name =~ "Digilent JTAG-HS1 210512180081" && level==0} -index 1' command is executed.
11:51:02 INFO  : FPGA configured successfully with bitstream "Y:/project/AX/AX7020/AX7020_CD/02_source/vivado_project/04_pl_led/pl_led.sdk/system_wrapper_hw_platform_0/system_wrapper.bit"
11:51:02 INFO  : 'targets -set -filter {name =~"APU" && jtag_cable_name =~ "Digilent JTAG-HS1 210512180081"} -index 0' command is executed.
11:51:03 INFO  : Hardware design information is loaded from 'Y:/project/AX/AX7020/AX7020_CD/02_source/vivado_project/04_pl_led/pl_led.sdk/system_wrapper_hw_platform_0/system.hdf'.
11:51:03 INFO  : 'ps7_init' command is executed.
11:51:03 INFO  : 'ps7_post_config' command is executed.
11:51:03 INFO  : Context for processor 'ps7_cortexa9_0' is selected.
11:51:03 INFO  : The application 'Y:/project/AX/AX7020/AX7020_CD/02_source/vivado_project/04_pl_led/pl_led.sdk/pl_led_test/Debug/pl_led_test.elf' is downloaded to processor 'ps7_cortexa9_0'.
11:51:03 INFO  : ----------------XSDB Script----------------
connect -url tcp:127.0.0.1:3121
source Y:/project/AX/AX7020/AX7020_CD/02_source/vivado_project/04_pl_led/pl_led.sdk/system_wrapper_hw_platform_0/ps7_init.tcl
targets -set -filter {name =~"APU" && jtag_cable_name =~ "Digilent JTAG-HS1 210512180081"} -index 0
rst -system
targets -set -filter {jtag_cable_name =~ "Digilent JTAG-HS1 210512180081" && level==0} -index 1
fpga -file Y:/project/AX/AX7020/AX7020_CD/02_source/vivado_project/04_pl_led/pl_led.sdk/system_wrapper_hw_platform_0/system_wrapper.bit
targets -set -filter {name =~"APU" && jtag_cable_name =~ "Digilent JTAG-HS1 210512180081"} -index 0
loadhw Y:/project/AX/AX7020/AX7020_CD/02_source/vivado_project/04_pl_led/pl_led.sdk/system_wrapper_hw_platform_0/system.hdf
ps7_init
ps7_post_config
targets -set -nocase -filter {name =~ "ARM*#0" && jtag_cable_name =~ "Digilent JTAG-HS1 210512180081"} -index 0
dow Y:/project/AX/AX7020/AX7020_CD/02_source/vivado_project/04_pl_led/pl_led.sdk/pl_led_test/Debug/pl_led_test.elf
----------------End of Script----------------

11:51:03 INFO  : Memory regions updated for context APU
11:51:04 INFO  : Context for processor 'ps7_cortexa9_0' is selected.
11:51:04 INFO  : 'con' command is executed.
11:51:04 INFO  : ----------------XSDB Script (After Launch)----------------
targets -set -nocase -filter {name =~ "ARM*#0" && jtag_cable_name =~ "Digilent JTAG-HS1 210512180081"} -index 0
con
----------------End of Script----------------

11:53:27 INFO  : Launching XSDB server: xsdb.bat C:/Xilinx/SDK/2015.4/scripts/xsdb/xsdb/xsdb-server.tcl
11:53:41 INFO  : Launching XSDB server: xsdb.bat C:/Xilinx/SDK/2015.4/scripts/xsdb/xsdb/xsdb-server.tcl
11:53:42 INFO  : XSDB server has started successfully.
11:53:42 INFO  : Processing command line option -hwspec Y:/project/AX/AX7020/AX7020_CD/02_source/vivado_project/04_pl_led/pl_led.sdk/system_wrapper.hdf.
11:53:43 INFO  : Checking for hwspec changes in the project system_wrapper_hw_platform_0.
11:54:09 INFO  : Connected to target on host '127.0.0.1' and port '3121'.
11:54:13 INFO  : Sourcing of 'Y:/project/AX/AX7020/AX7020_CD/02_source/vivado_project/04_pl_led/pl_led.sdk/system_wrapper_hw_platform_0/ps7_init.tcl' is done.
11:54:14 INFO  : 'targets -set -filter {name =~"APU" && jtag_cable_name =~ "Digilent JTAG-HS1 210512180081"} -index 0' command is executed.
11:54:14 INFO  : System reset is completed.
11:54:17 INFO  : 'targets -set -filter {jtag_cable_name =~ "Digilent JTAG-HS1 210512180081" && level==0} -index 1' command is executed.
11:54:17 ERROR : bitstream is not compatible with the target
11:54:17 ERROR : Exception occured while running Program FPGA.
java.lang.RuntimeException: bitstream is not compatible with the target
11:54:17 INFO  : ----------------XSDB Script----------------
connect -url tcp:127.0.0.1:3121
source Y:/project/AX/AX7020/AX7020_CD/02_source/vivado_project/04_pl_led/pl_led.sdk/system_wrapper_hw_platform_0/ps7_init.tcl
targets -set -filter {name =~"APU" && jtag_cable_name =~ "Digilent JTAG-HS1 210512180081"} -index 0
rst -system
----------------End of Script----------------

11:54:46 INFO  : Connected to target on host '127.0.0.1' and port '3121'.
11:54:47 INFO  : 'targets -set -filter {jtag_cable_name =~ "Digilent JTAG-HS1 210512180081" && level==0} -index 1' command is executed.
11:54:48 INFO  : FPGA configured successfully with bitstream "E:/AX7010/labs/04_pl_led/pl_led.runs/impl_1/system_wrapper.bit"
11:54:54 INFO  : Connected to target on host '127.0.0.1' and port '3121'.
11:54:54 INFO  : Sourcing of 'Y:/project/AX/AX7020/AX7020_CD/02_source/vivado_project/04_pl_led/pl_led.sdk/system_wrapper_hw_platform_0/ps7_init.tcl' is done.
11:54:54 INFO  : 'targets -set -filter {name =~"APU" && jtag_cable_name =~ "Digilent JTAG-HS1 210512180081"} -index 0' command is executed.
11:54:55 INFO  : System reset is completed.
11:54:58 INFO  : 'targets -set -filter {jtag_cable_name =~ "Digilent JTAG-HS1 210512180081" && level==0} -index 1' command is executed.
11:54:58 ERROR : bitstream is not compatible with the target
11:54:58 ERROR : Exception occured while running Program FPGA.
java.lang.RuntimeException: bitstream is not compatible with the target
11:54:58 INFO  : ----------------XSDB Script----------------
connect -url tcp:127.0.0.1:3121
source Y:/project/AX/AX7020/AX7020_CD/02_source/vivado_project/04_pl_led/pl_led.sdk/system_wrapper_hw_platform_0/ps7_init.tcl
targets -set -filter {name =~"APU" && jtag_cable_name =~ "Digilent JTAG-HS1 210512180081"} -index 0
rst -system
----------------End of Script----------------

11:56:29 ERROR : Timed out. 180 seconds have elapsed while waiting for XSDB server to launch.
11:56:29 WARN  : Unexpected exception occurred.
java.lang.Exception: java.lang.Error: Channel is waiting for Hello message
	at org.eclipse.tcf.core.Command.<init>(Command.java:83)
	at com.xilinx.sdk.xsdb.XSDBCommandManager$8.<init>(XSDBCommandManager.java:384)
	at com.xilinx.sdk.xsdb.XSDBCommandManager.issueTcfCmd(XSDBCommandManager.java:384)
	at com.xilinx.sdk.xsdb.XSDBCommandManager.access$4(XSDBCommandManager.java:381)
	at com.xilinx.sdk.xsdb.XSDBCommandManager$7.run(XSDBCommandManager.java:376)
	at org.eclipse.tcf.EventQueue.run(EventQueue.java:95)
	at java.lang.Thread.run(Thread.java:745)
Caused by: java.lang.Error: Channel is waiting for Hello message
	at org.eclipse.tcf.core.AbstractChannel.sendCommand(AbstractChannel.java:874)
	at org.eclipse.tcf.core.Command.<init>(Command.java:79)
	... 6 more
15:29:12 INFO  : Launching XSDB server: xsdb.bat C:/Xilinx/SDK/2015.4/scripts/xsdb/xsdb/xsdb-server.tcl
15:29:14 INFO  : XSDB server has started successfully.
15:29:15 INFO  : Processing command line option -hwspec Y:/project/AX/AX7020/AX7020_CD/02_source/vivado_project/04_pl_led/pl_led.sdk/system_wrapper.hdf.
15:29:15 INFO  : Checking for hwspec changes in the project system_wrapper_hw_platform_0.
15:29:49 INFO  : Connected to target on host '127.0.0.1' and port '3121'.
15:29:49 INFO  : 'targets -set -filter {jtag_cable_name =~ "Digilent JTAG-HS1 210512180081" && level==0} -index 1' command is executed.
15:29:53 INFO  : FPGA configured successfully with bitstream "Y:/project/AX/AX7020/AX7020_CD/02_source/vivado_project/04_pl_led/pl_led.runs/impl_1/system_wrapper.bit"
15:30:01 INFO  : Connected to target on host '127.0.0.1' and port '3121'.
15:30:01 INFO  : Sourcing of 'Y:/project/AX/AX7020/AX7020_CD/02_source/vivado_project/04_pl_led/pl_led.sdk/system_wrapper_hw_platform_0/ps7_init.tcl' is done.
15:30:02 INFO  : 'targets -set -filter {name =~"APU" && jtag_cable_name =~ "Digilent JTAG-HS1 210512180081"} -index 0' command is executed.
15:30:02 INFO  : System reset is completed.
15:30:06 INFO  : 'targets -set -filter {jtag_cable_name =~ "Digilent JTAG-HS1 210512180081" && level==0} -index 1' command is executed.
15:30:10 INFO  : FPGA configured successfully with bitstream "Y:/project/AX/AX7020/AX7020_CD/02_source/vivado_project/04_pl_led/pl_led.sdk/system_wrapper_hw_platform_0/system_wrapper.bit"
15:30:10 INFO  : 'targets -set -filter {name =~"APU" && jtag_cable_name =~ "Digilent JTAG-HS1 210512180081"} -index 0' command is executed.
15:30:10 INFO  : Hardware design information is loaded from 'Y:/project/AX/AX7020/AX7020_CD/02_source/vivado_project/04_pl_led/pl_led.sdk/system_wrapper_hw_platform_0/system.hdf'.
15:30:10 INFO  : 'ps7_init' command is executed.
15:30:10 INFO  : 'ps7_post_config' command is executed.
15:30:11 INFO  : Context for processor 'ps7_cortexa9_0' is selected.
15:30:13 ERROR : DEVICEEN is 0
15:30:13 INFO  : ----------------XSDB Script----------------
connect -url tcp:127.0.0.1:3121
source Y:/project/AX/AX7020/AX7020_CD/02_source/vivado_project/04_pl_led/pl_led.sdk/system_wrapper_hw_platform_0/ps7_init.tcl
targets -set -filter {name =~"APU" && jtag_cable_name =~ "Digilent JTAG-HS1 210512180081"} -index 0
rst -system
targets -set -filter {jtag_cable_name =~ "Digilent JTAG-HS1 210512180081" && level==0} -index 1
fpga -file Y:/project/AX/AX7020/AX7020_CD/02_source/vivado_project/04_pl_led/pl_led.sdk/system_wrapper_hw_platform_0/system_wrapper.bit
targets -set -filter {name =~"APU" && jtag_cable_name =~ "Digilent JTAG-HS1 210512180081"} -index 0
loadhw Y:/project/AX/AX7020/AX7020_CD/02_source/vivado_project/04_pl_led/pl_led.sdk/system_wrapper_hw_platform_0/system.hdf
ps7_init
ps7_post_config
targets -set -nocase -filter {name =~ "ARM*#0" && jtag_cable_name =~ "Digilent JTAG-HS1 210512180081"} -index 0
dow Y:/project/AX/AX7020/AX7020_CD/02_source/vivado_project/04_pl_led/pl_led.sdk/pl_led_test/Debug/pl_led_test.elf
----------------End of Script----------------

12:22:21 INFO  : Launching XSDB server: xsdb.bat C:/Xilinx/SDK/2015.4/scripts/xsdb/xsdb/xsdb-server.tcl
12:22:22 INFO  : XSDB server has started successfully.
12:22:23 INFO  : Processing command line option -hwspec Y:/project/AX/AX7020/AX7020_CD/02_source/vivado_project/04_pl_led/pl_led.sdk/system_wrapper.hdf.
12:22:23 INFO  : Checking for hwspec changes in the project system_wrapper_hw_platform_0.
12:22:33 INFO  : Connected to target on host '127.0.0.1' and port '3121'.
12:22:34 INFO  : Sourcing of 'Y:/project/AX/AX7020/AX7020_CD/02_source/vivado_project/04_pl_led/pl_led.sdk/system_wrapper_hw_platform_0/ps7_init.tcl' is done.
12:22:34 INFO  : 'targets -set -filter {name =~"APU" && jtag_cable_name =~ "Digilent JTAG-HS1 210512180081"} -index 0' command is executed.
12:22:34 INFO  : System reset is completed.
12:22:37 INFO  : 'targets -set -filter {jtag_cable_name =~ "Digilent JTAG-HS1 210512180081" && level==0} -index 1' command is executed.
12:22:41 INFO  : FPGA configured successfully with bitstream "Y:/project/AX/AX7020/AX7020_CD/02_source/vivado_project/04_pl_led/pl_led.sdk/system_wrapper_hw_platform_0/system_wrapper.bit"
12:22:41 INFO  : 'targets -set -filter {name =~"APU" && jtag_cable_name =~ "Digilent JTAG-HS1 210512180081"} -index 0' command is executed.
12:22:41 INFO  : Hardware design information is loaded from 'Y:/project/AX/AX7020/AX7020_CD/02_source/vivado_project/04_pl_led/pl_led.sdk/system_wrapper_hw_platform_0/system.hdf'.
12:22:42 INFO  : 'ps7_init' command is executed.
12:22:42 INFO  : 'ps7_post_config' command is executed.
12:22:42 INFO  : Context for processor 'ps7_cortexa9_0' is selected.
12:22:42 INFO  : The application 'Y:/project/AX/AX7020/AX7020_CD/02_source/vivado_project/04_pl_led/pl_led.sdk/pl_led_test/Debug/pl_led_test.elf' is downloaded to processor 'ps7_cortexa9_0'.
12:22:42 INFO  : ----------------XSDB Script----------------
connect -url tcp:127.0.0.1:3121
source Y:/project/AX/AX7020/AX7020_CD/02_source/vivado_project/04_pl_led/pl_led.sdk/system_wrapper_hw_platform_0/ps7_init.tcl
targets -set -filter {name =~"APU" && jtag_cable_name =~ "Digilent JTAG-HS1 210512180081"} -index 0
rst -system
targets -set -filter {jtag_cable_name =~ "Digilent JTAG-HS1 210512180081" && level==0} -index 1
fpga -file Y:/project/AX/AX7020/AX7020_CD/02_source/vivado_project/04_pl_led/pl_led.sdk/system_wrapper_hw_platform_0/system_wrapper.bit
targets -set -filter {name =~"APU" && jtag_cable_name =~ "Digilent JTAG-HS1 210512180081"} -index 0
loadhw Y:/project/AX/AX7020/AX7020_CD/02_source/vivado_project/04_pl_led/pl_led.sdk/system_wrapper_hw_platform_0/system.hdf
ps7_init
ps7_post_config
targets -set -nocase -filter {name =~ "ARM*#0" && jtag_cable_name =~ "Digilent JTAG-HS1 210512180081"} -index 0
dow Y:/project/AX/AX7020/AX7020_CD/02_source/vivado_project/04_pl_led/pl_led.sdk/pl_led_test/Debug/pl_led_test.elf
----------------End of Script----------------

12:22:43 INFO  : Memory regions updated for context APU
12:22:43 INFO  : Context for processor 'ps7_cortexa9_0' is selected.
12:22:43 INFO  : 'con' command is executed.
12:22:43 INFO  : ----------------XSDB Script (After Launch)----------------
targets -set -nocase -filter {name =~ "ARM*#0" && jtag_cable_name =~ "Digilent JTAG-HS1 210512180081"} -index 0
con
----------------End of Script----------------

12:33:35 INFO  : 'targets -set -filter {jtag_cable_name =~ "Digilent JTAG-HS1 210512180081" && level==0} -index 1' command is executed.
12:33:35 INFO  : 'fpga -state' command is executed.
12:33:36 INFO  : Connected to target on host '127.0.0.1' and port '3121'.
12:33:36 INFO  : Sourcing of 'Y:/project/AX/AX7020/AX7020_CD/02_source/vivado_project/04_pl_led/pl_led.sdk/system_wrapper_hw_platform_0/ps7_init.tcl' is done.
12:33:37 INFO  : 'targets -set -filter {name =~"APU" && jtag_cable_name =~ "Digilent JTAG-HS1 210512180081"} -index 0' command is executed.
12:33:37 INFO  : Hardware design information is loaded from 'Y:/project/AX/AX7020/AX7020_CD/02_source/vivado_project/04_pl_led/pl_led.sdk/system_wrapper_hw_platform_0/system.hdf'.
12:33:37 INFO  : 'targets -set -filter {name =~"APU" && jtag_cable_name =~ "Digilent JTAG-HS1 210512180081"} -index 0' command is executed.
12:33:37 INFO  : 'stop' command is executed.
12:33:37 INFO  : 'ps7_init' command is executed.
12:33:38 INFO  : 'ps7_post_config' command is executed.
12:33:38 INFO  : 'con' command is executed.
12:33:38 INFO  : Context for processor 'ps7_cortexa9_0' is selected.
12:33:38 INFO  : Processor reset is completed for 'ps7_cortexa9_0'.
12:33:39 INFO  : Context for processor 'ps7_cortexa9_0' is selected.
12:33:39 INFO  : The application 'Y:/project/AX/AX7020/AX7020_CD/02_source/vivado_project/04_pl_led/pl_led.sdk/pl_led_test/Debug/pl_led_test.elf' is downloaded to processor 'ps7_cortexa9_0'.
12:33:39 INFO  : ----------------XSDB Script----------------
connect -url tcp:127.0.0.1:3121
source Y:/project/AX/AX7020/AX7020_CD/02_source/vivado_project/04_pl_led/pl_led.sdk/system_wrapper_hw_platform_0/ps7_init.tcl
targets -set -filter {name =~"APU" && jtag_cable_name =~ "Digilent JTAG-HS1 210512180081"} -index 0
loadhw Y:/project/AX/AX7020/AX7020_CD/02_source/vivado_project/04_pl_led/pl_led.sdk/system_wrapper_hw_platform_0/system.hdf
targets -set -filter {name =~"APU" && jtag_cable_name =~ "Digilent JTAG-HS1 210512180081"} -index 0
stop
ps7_init
ps7_post_config
con
targets -set -nocase -filter {name =~ "ARM*#0" && jtag_cable_name =~ "Digilent JTAG-HS1 210512180081"} -index 0
rst -processor
targets -set -nocase -filter {name =~ "ARM*#0" && jtag_cable_name =~ "Digilent JTAG-HS1 210512180081"} -index 0
dow Y:/project/AX/AX7020/AX7020_CD/02_source/vivado_project/04_pl_led/pl_led.sdk/pl_led_test/Debug/pl_led_test.elf
----------------End of Script----------------

12:33:39 INFO  : Memory regions updated for context APU
12:33:39 INFO  : Context for processor 'ps7_cortexa9_0' is selected.
12:33:39 INFO  : 'con' command is executed.
12:33:39 INFO  : ----------------XSDB Script (After Launch)----------------
targets -set -nocase -filter {name =~ "ARM*#0" && jtag_cable_name =~ "Digilent JTAG-HS1 210512180081"} -index 0
con
----------------End of Script----------------

12:33:40 INFO  : Apm configuration has been updated and stored to 'Y:\project\AX\AX7020\AX7020_CD\02_source\vivado_project\04_pl_led\pl_led.sdk\system_wrapper_hw_platform_0\apmconfigs\apm_default.json' for the project 'system_wrapper_hw_platform_0'
12:33:40 INFO  : Performance data for 'PS' will be exported to the file 'Y:\project\AX\AX7020\AX7020_CD\02_source\vivado_project\04_pl_led\pl_led.sdk\system_wrapper_hw_platform_0_Traces\Traces\Run_-16_12-33\PS_Trace_-16_12-33\trace'
12:33:40 INFO  : Created tracing project 'system_wrapper_hw_platform_0_Traces'
12:33:40 INFO  : Added tracing folder 'Y:\project\AX\AX7020\AX7020_CD\02_source\vivado_project\04_pl_led\pl_led.sdk\system_wrapper_hw_platform_0_Traces\Traces\Run_-16_12-33\PS_Trace_-16_12-33' into  'system_wrapper_hw_platform_0_Traces'
12:33:42 INFO  : Attempting to open tracing file 'PS_Trace_-16_12-33'
12:33:55 INFO  : Disconnected from the channel tcfchan#1.
12:33:55 INFO  : Connected to target on host '127.0.0.1' and port '3121'.
12:33:55 INFO  : Sourcing of 'Y:/project/AX/AX7020/AX7020_CD/02_source/vivado_project/04_pl_led/pl_led.sdk/system_wrapper_hw_platform_0/ps7_init.tcl' is done.
12:33:55 INFO  : 'targets -set -filter {name =~"APU" && jtag_cable_name =~ "Digilent JTAG-HS1 210512180081"} -index 0' command is executed.
12:33:56 INFO  : System reset is completed.
12:33:59 INFO  : 'targets -set -filter {jtag_cable_name =~ "Digilent JTAG-HS1 210512180081" && level==0} -index 1' command is executed.
12:34:02 INFO  : FPGA configured successfully with bitstream "Y:/project/AX/AX7020/AX7020_CD/02_source/vivado_project/04_pl_led/pl_led.sdk/system_wrapper_hw_platform_0/system_wrapper.bit"
12:34:03 INFO  : 'targets -set -filter {name =~"APU" && jtag_cable_name =~ "Digilent JTAG-HS1 210512180081"} -index 0' command is executed.
12:34:03 INFO  : Hardware design information is loaded from 'Y:/project/AX/AX7020/AX7020_CD/02_source/vivado_project/04_pl_led/pl_led.sdk/system_wrapper_hw_platform_0/system.hdf'.
12:34:03 INFO  : 'ps7_init' command is executed.
12:34:03 INFO  : 'ps7_post_config' command is executed.
12:34:03 INFO  : Context for processor 'ps7_cortexa9_0' is selected.
12:34:04 INFO  : The application 'Y:/project/AX/AX7020/AX7020_CD/02_source/vivado_project/04_pl_led/pl_led.sdk/pl_led_test/Debug/pl_led_test.elf' is downloaded to processor 'ps7_cortexa9_0'.
12:34:04 INFO  : ----------------XSDB Script----------------
connect -url tcp:127.0.0.1:3121
source Y:/project/AX/AX7020/AX7020_CD/02_source/vivado_project/04_pl_led/pl_led.sdk/system_wrapper_hw_platform_0/ps7_init.tcl
targets -set -filter {name =~"APU" && jtag_cable_name =~ "Digilent JTAG-HS1 210512180081"} -index 0
rst -system
targets -set -filter {jtag_cable_name =~ "Digilent JTAG-HS1 210512180081" && level==0} -index 1
fpga -file Y:/project/AX/AX7020/AX7020_CD/02_source/vivado_project/04_pl_led/pl_led.sdk/system_wrapper_hw_platform_0/system_wrapper.bit
targets -set -filter {name =~"APU" && jtag_cable_name =~ "Digilent JTAG-HS1 210512180081"} -index 0
loadhw Y:/project/AX/AX7020/AX7020_CD/02_source/vivado_project/04_pl_led/pl_led.sdk/system_wrapper_hw_platform_0/system.hdf
ps7_init
ps7_post_config
targets -set -nocase -filter {name =~ "ARM*#0" && jtag_cable_name =~ "Digilent JTAG-HS1 210512180081"} -index 0
dow Y:/project/AX/AX7020/AX7020_CD/02_source/vivado_project/04_pl_led/pl_led.sdk/pl_led_test/Debug/pl_led_test.elf
----------------End of Script----------------

12:34:04 INFO  : Memory regions updated for context APU
12:34:04 INFO  : Context for processor 'ps7_cortexa9_0' is selected.
12:34:04 INFO  : 'con' command is executed.
12:34:04 INFO  : ----------------XSDB Script (After Launch)----------------
targets -set -nocase -filter {name =~ "ARM*#0" && jtag_cable_name =~ "Digilent JTAG-HS1 210512180081"} -index 0
con
----------------End of Script----------------

12:38:55 INFO  : Performance data for 'PS' has been exported to the file 'Y:\project\AX\AX7020\AX7020_CD\02_source\vivado_project\04_pl_led\pl_led.sdk\system_wrapper_hw_platform_0_Traces\Traces\Run_-16_12-33\PS_Trace_-16_12-33\trace'
12:38:55 WARN  : Unexpected exception occurred.
java.lang.Exception: java.lang.Error: Channel is waiting for Hello message
	at org.eclipse.tcf.core.Command.<init>(Command.java:83)
	at com.xilinx.sdk.xsdb.XSDBCommandManager$8.<init>(XSDBCommandManager.java:384)
	at com.xilinx.sdk.xsdb.XSDBCommandManager.issueTcfCmd(XSDBCommandManager.java:384)
	at com.xilinx.sdk.xsdb.XSDBCommandManager.access$4(XSDBCommandManager.java:381)
	at com.xilinx.sdk.xsdb.XSDBCommandManager$7.run(XSDBCommandManager.java:376)
	at org.eclipse.tcf.EventQueue.run(EventQueue.java:95)
	at java.lang.Thread.run(Thread.java:745)
Caused by: java.lang.Error: Channel is waiting for Hello message
	at org.eclipse.tcf.core.AbstractChannel.sendCommand(AbstractChannel.java:874)
	at org.eclipse.tcf.core.Command.<init>(Command.java:79)
	... 6 more
12:38:56 INFO  : Launching XSDB server: xsdb.bat C:/Xilinx/SDK/2015.4/scripts/xsdb/xsdb/xsdb-server.tcl
12:41:59 ERROR : Timed out. 180 seconds have elapsed while waiting for XSDB server to launch.
12:41:59 WARN  : Unexpected exception occurred.
java.lang.Exception: java.lang.Error: Channel is waiting for Hello message
	at org.eclipse.tcf.core.Command.<init>(Command.java:83)
	at com.xilinx.sdk.xsdb.XSDBCommandManager$8.<init>(XSDBCommandManager.java:384)
	at com.xilinx.sdk.xsdb.XSDBCommandManager.issueTcfCmd(XSDBCommandManager.java:384)
	at com.xilinx.sdk.xsdb.XSDBCommandManager.access$4(XSDBCommandManager.java:381)
	at com.xilinx.sdk.xsdb.XSDBCommandManager$7.run(XSDBCommandManager.java:376)
	at org.eclipse.tcf.EventQueue.run(EventQueue.java:95)
	at java.lang.Thread.run(Thread.java:745)
Caused by: java.lang.Error: Channel is waiting for Hello message
	at org.eclipse.tcf.core.AbstractChannel.sendCommand(AbstractChannel.java:874)
	at org.eclipse.tcf.core.Command.<init>(Command.java:79)
	... 6 more
12:52:05 INFO  : Launching XSDB server: xsdb.bat C:/Xilinx/SDK/2015.4/scripts/xsdb/xsdb/xsdb-server.tcl
12:52:06 INFO  : XSDB server has started successfully.
12:52:06 INFO  : Processing command line option -hwspec Y:/project/AX/AX7020/AX7020_CD/02_source/vivado_project/04_pl_led/pl_led.sdk/system_wrapper.hdf.
12:52:09 INFO  : Checking for hwspec changes in the project system_wrapper_hw_platform_0.
12:52:16 INFO  : Connected to target on host '127.0.0.1' and port '3121'.
12:52:17 INFO  : Sourcing of 'Y:/project/AX/AX7020/AX7020_CD/02_source/vivado_project/04_pl_led/pl_led.sdk/system_wrapper_hw_platform_0/ps7_init.tcl' is done.
12:52:17 INFO  : 'targets -set -filter {name =~"APU" && jtag_cable_name =~ "Digilent JTAG-HS1 210512180081"} -index 0' command is executed.
12:52:18 INFO  : System reset is completed.
12:52:21 INFO  : 'targets -set -filter {jtag_cable_name =~ "Digilent JTAG-HS1 210512180081" && level==0} -index 1' command is executed.
12:52:24 INFO  : FPGA configured successfully with bitstream "Y:/project/AX/AX7020/AX7020_CD/02_source/vivado_project/04_pl_led/pl_led.sdk/system_wrapper_hw_platform_0/system_wrapper.bit"
12:52:25 INFO  : 'targets -set -filter {name =~"APU" && jtag_cable_name =~ "Digilent JTAG-HS1 210512180081"} -index 0' command is executed.
12:52:25 INFO  : Hardware design information is loaded from 'Y:/project/AX/AX7020/AX7020_CD/02_source/vivado_project/04_pl_led/pl_led.sdk/system_wrapper_hw_platform_0/system.hdf'.
12:52:25 INFO  : 'ps7_init' command is executed.
12:52:25 INFO  : 'ps7_post_config' command is executed.
12:52:26 INFO  : Context for processor 'ps7_cortexa9_0' is selected.
12:52:26 INFO  : The application 'Y:/project/AX/AX7020/AX7020_CD/02_source/vivado_project/04_pl_led/pl_led.sdk/pl_led_test/Debug/pl_led_test.elf' is downloaded to processor 'ps7_cortexa9_0'.
12:52:26 INFO  : ----------------XSDB Script----------------
connect -url tcp:127.0.0.1:3121
source Y:/project/AX/AX7020/AX7020_CD/02_source/vivado_project/04_pl_led/pl_led.sdk/system_wrapper_hw_platform_0/ps7_init.tcl
targets -set -filter {name =~"APU" && jtag_cable_name =~ "Digilent JTAG-HS1 210512180081"} -index 0
rst -system
targets -set -filter {jtag_cable_name =~ "Digilent JTAG-HS1 210512180081" && level==0} -index 1
fpga -file Y:/project/AX/AX7020/AX7020_CD/02_source/vivado_project/04_pl_led/pl_led.sdk/system_wrapper_hw_platform_0/system_wrapper.bit
targets -set -filter {name =~"APU" && jtag_cable_name =~ "Digilent JTAG-HS1 210512180081"} -index 0
loadhw Y:/project/AX/AX7020/AX7020_CD/02_source/vivado_project/04_pl_led/pl_led.sdk/system_wrapper_hw_platform_0/system.hdf
ps7_init
ps7_post_config
targets -set -nocase -filter {name =~ "ARM*#0" && jtag_cable_name =~ "Digilent JTAG-HS1 210512180081"} -index 0
dow Y:/project/AX/AX7020/AX7020_CD/02_source/vivado_project/04_pl_led/pl_led.sdk/pl_led_test/Debug/pl_led_test.elf
----------------End of Script----------------

12:52:26 INFO  : Memory regions updated for context APU
12:52:26 INFO  : Context for processor 'ps7_cortexa9_0' is selected.
12:52:26 INFO  : 'con' command is executed.
12:52:26 INFO  : ----------------XSDB Script (After Launch)----------------
targets -set -nocase -filter {name =~ "ARM*#0" && jtag_cable_name =~ "Digilent JTAG-HS1 210512180081"} -index 0
con
----------------End of Script----------------

12:58:29 INFO  : Disconnected from the channel tcfchan#1.
12:58:29 INFO  : Connected to target on host '127.0.0.1' and port '3121'.
12:58:29 INFO  : Sourcing of 'Y:/project/AX/AX7020/AX7020_CD/02_source/vivado_project/04_pl_led/pl_led.sdk/system_wrapper_hw_platform_0/ps7_init.tcl' is done.
12:58:30 INFO  : 'targets -set -filter {name =~"APU" && jtag_cable_name =~ "Digilent JTAG-HS1 210512180081"} -index 0' command is executed.
12:58:30 INFO  : System reset is completed.
12:58:34 INFO  : 'targets -set -filter {jtag_cable_name =~ "Digilent JTAG-HS1 210512180081" && level==0} -index 1' command is executed.
12:58:37 INFO  : FPGA configured successfully with bitstream "Y:/project/AX/AX7020/AX7020_CD/02_source/vivado_project/04_pl_led/pl_led.sdk/system_wrapper_hw_platform_0/system_wrapper.bit"
12:58:38 INFO  : 'targets -set -filter {name =~"APU" && jtag_cable_name =~ "Digilent JTAG-HS1 210512180081"} -index 0' command is executed.
12:58:38 INFO  : Hardware design information is loaded from 'Y:/project/AX/AX7020/AX7020_CD/02_source/vivado_project/04_pl_led/pl_led.sdk/system_wrapper_hw_platform_0/system.hdf'.
12:58:38 INFO  : 'ps7_init' command is executed.
12:58:38 INFO  : 'ps7_post_config' command is executed.
12:58:38 INFO  : Context for processor 'ps7_cortexa9_0' is selected.
12:58:41 ERROR : DEVICEEN is 0
12:58:41 INFO  : ----------------XSDB Script----------------
connect -url tcp:127.0.0.1:3121
source Y:/project/AX/AX7020/AX7020_CD/02_source/vivado_project/04_pl_led/pl_led.sdk/system_wrapper_hw_platform_0/ps7_init.tcl
targets -set -filter {name =~"APU" && jtag_cable_name =~ "Digilent JTAG-HS1 210512180081"} -index 0
rst -system
targets -set -filter {jtag_cable_name =~ "Digilent JTAG-HS1 210512180081" && level==0} -index 1
fpga -file Y:/project/AX/AX7020/AX7020_CD/02_source/vivado_project/04_pl_led/pl_led.sdk/system_wrapper_hw_platform_0/system_wrapper.bit
targets -set -filter {name =~"APU" && jtag_cable_name =~ "Digilent JTAG-HS1 210512180081"} -index 0
loadhw Y:/project/AX/AX7020/AX7020_CD/02_source/vivado_project/04_pl_led/pl_led.sdk/system_wrapper_hw_platform_0/system.hdf
ps7_init
ps7_post_config
targets -set -nocase -filter {name =~ "ARM*#0" && jtag_cable_name =~ "Digilent JTAG-HS1 210512180081"} -index 0
dow Y:/project/AX/AX7020/AX7020_CD/02_source/vivado_project/04_pl_led/pl_led.sdk/pl_led_test/Debug/pl_led_test.elf
----------------End of Script----------------

15:15:44 INFO  : Launching XSDB server: xsdb.bat C:/Xilinx/SDK/2015.4/scripts/xsdb/xsdb/xsdb-server.tcl
15:15:45 INFO  : XSDB server has started successfully.
15:15:45 INFO  : Processing command line option -hwspec Y:/project/AX/AX7020/AX7020_CD/02_source/vivado_project/04_pl_led/pl_led.sdk/system_wrapper.hdf.
15:15:48 INFO  : Checking for hwspec changes in the project system_wrapper_hw_platform_0.
15:15:56 INFO  : Connected to target on host '127.0.0.1' and port '3121'.
15:15:57 INFO  : Sourcing of 'Y:/project/AX/AX7020/AX7020_CD/02_source/vivado_project/04_pl_led/pl_led.sdk/system_wrapper_hw_platform_0/ps7_init.tcl' is done.
15:15:58 INFO  : 'targets -set -filter {name =~"APU" && jtag_cable_name =~ "Digilent JTAG-HS1 210512180081"} -index 0' command is executed.
15:15:58 INFO  : System reset is completed.
15:16:01 INFO  : 'targets -set -filter {jtag_cable_name =~ "Digilent JTAG-HS1 210512180081" && level==0} -index 1' command is executed.
15:16:05 INFO  : FPGA configured successfully with bitstream "Y:/project/AX/AX7020/AX7020_CD/02_source/vivado_project/04_pl_led/pl_led.sdk/system_wrapper_hw_platform_0/system_wrapper.bit"
15:16:05 INFO  : 'targets -set -filter {name =~"APU" && jtag_cable_name =~ "Digilent JTAG-HS1 210512180081"} -index 0' command is executed.
15:16:05 INFO  : Hardware design information is loaded from 'Y:/project/AX/AX7020/AX7020_CD/02_source/vivado_project/04_pl_led/pl_led.sdk/system_wrapper_hw_platform_0/system.hdf'.
15:16:05 INFO  : 'ps7_init' command is executed.
15:16:05 INFO  : 'ps7_post_config' command is executed.
15:16:06 INFO  : Context for processor 'ps7_cortexa9_0' is selected.
15:16:08 ERROR : DEVICEEN is 0
15:16:08 INFO  : ----------------XSDB Script----------------
connect -url tcp:127.0.0.1:3121
source Y:/project/AX/AX7020/AX7020_CD/02_source/vivado_project/04_pl_led/pl_led.sdk/system_wrapper_hw_platform_0/ps7_init.tcl
targets -set -filter {name =~"APU" && jtag_cable_name =~ "Digilent JTAG-HS1 210512180081"} -index 0
rst -system
targets -set -filter {jtag_cable_name =~ "Digilent JTAG-HS1 210512180081" && level==0} -index 1
fpga -file Y:/project/AX/AX7020/AX7020_CD/02_source/vivado_project/04_pl_led/pl_led.sdk/system_wrapper_hw_platform_0/system_wrapper.bit
targets -set -filter {name =~"APU" && jtag_cable_name =~ "Digilent JTAG-HS1 210512180081"} -index 0
loadhw Y:/project/AX/AX7020/AX7020_CD/02_source/vivado_project/04_pl_led/pl_led.sdk/system_wrapper_hw_platform_0/system.hdf
ps7_init
ps7_post_config
targets -set -nocase -filter {name =~ "ARM*#0" && jtag_cable_name =~ "Digilent JTAG-HS1 210512180081"} -index 0
dow Y:/project/AX/AX7020/AX7020_CD/02_source/vivado_project/04_pl_led/pl_led.sdk/pl_led_test/Debug/pl_led_test.elf
----------------End of Script----------------

15:16:19 INFO  : Connected to target on host '127.0.0.1' and port '3121'.
15:16:19 INFO  : Sourcing of 'Y:/project/AX/AX7020/AX7020_CD/02_source/vivado_project/04_pl_led/pl_led.sdk/system_wrapper_hw_platform_0/ps7_init.tcl' is done.
15:16:19 ERROR : no targets found with "name =~"APU" && jtag_cable_name =~ "Digilent JTAG-HS1 210512180081"". available targets:
  1  APU (JTAG port open error. AP transaction error, DAP status f0000021)
     2* ARM Cortex-A9 MPCore #0 (Running)
     3  ARM Cortex-A9 MPCore #1 (Running)
  4  xc7z020
15:16:19 INFO  : ----------------XSDB Script----------------
connect -url tcp:127.0.0.1:3121
source Y:/project/AX/AX7020/AX7020_CD/02_source/vivado_project/04_pl_led/pl_led.sdk/system_wrapper_hw_platform_0/ps7_init.tcl
targets -set -filter {name =~"APU" && jtag_cable_name =~ "Digilent JTAG-HS1 210512180081"} -index 0
----------------End of Script----------------

15:16:38 INFO  : Connected to target on host '127.0.0.1' and port '3121'.
15:16:38 INFO  : Sourcing of 'Y:/project/AX/AX7020/AX7020_CD/02_source/vivado_project/04_pl_led/pl_led.sdk/system_wrapper_hw_platform_0/ps7_init.tcl' is done.
15:16:39 ERROR : no targets found with "name =~"APU" && jtag_cable_name =~ "Digilent JTAG-HS1 210512180081"". available targets:
  1  APU (JTAG port open error. AP transaction error, DAP status f0000021)
     2* ARM Cortex-A9 MPCore #0 (Running)
     3  ARM Cortex-A9 MPCore #1 (Running)
  4  xc7z020
15:16:39 INFO  : ----------------XSDB Script----------------
connect -url tcp:127.0.0.1:3121
source Y:/project/AX/AX7020/AX7020_CD/02_source/vivado_project/04_pl_led/pl_led.sdk/system_wrapper_hw_platform_0/ps7_init.tcl
targets -set -filter {name =~"APU" && jtag_cable_name =~ "Digilent JTAG-HS1 210512180081"} -index 0
----------------End of Script----------------

15:16:45 INFO  : Connected to target on host '127.0.0.1' and port '3121'.
15:16:45 INFO  : 'targets -set -filter {jtag_cable_name =~ "Digilent JTAG-HS1 210512180081" && level==0} -index 1' command is executed.
15:16:45 ERROR : Error occured during Prog B register check
15:16:57 INFO  : Connected to target on host '127.0.0.1' and port '3121'.
15:16:57 INFO  : Sourcing of 'Y:/project/AX/AX7020/AX7020_CD/02_source/vivado_project/04_pl_led/pl_led.sdk/system_wrapper_hw_platform_0/ps7_init.tcl' is done.
15:16:58 ERROR : no targets found with "name =~"APU" && jtag_cable_name =~ "Digilent JTAG-HS1 210512180081"". available targets:
  1  DAP (JTAG port open error. AP transaction error, DAP status f0000021)
  4* xc7z020
15:16:58 INFO  : ----------------XSDB Script----------------
connect -url tcp:127.0.0.1:3121
source Y:/project/AX/AX7020/AX7020_CD/02_source/vivado_project/04_pl_led/pl_led.sdk/system_wrapper_hw_platform_0/ps7_init.tcl
targets -set -filter {name =~"APU" && jtag_cable_name =~ "Digilent JTAG-HS1 210512180081"} -index 0
----------------End of Script----------------

15:17:09 INFO  : Connected to target on host '127.0.0.1' and port '3121'.
15:17:10 INFO  : Sourcing of 'Y:/project/AX/AX7020/AX7020_CD/02_source/vivado_project/04_pl_led/pl_led.sdk/system_wrapper_hw_platform_0/ps7_init.tcl' is done.
15:17:10 INFO  : 'targets -set -filter {name =~"APU" && jtag_cable_name =~ "Digilent JTAG-HS1 210512180081"} -index 0' command is executed.
15:17:10 INFO  : System reset is completed.
15:17:13 INFO  : 'targets -set -filter {jtag_cable_name =~ "Digilent JTAG-HS1 210512180081" && level==0} -index 1' command is executed.
15:17:17 INFO  : FPGA configured successfully with bitstream "Y:/project/AX/AX7020/AX7020_CD/02_source/vivado_project/04_pl_led/pl_led.sdk/system_wrapper_hw_platform_0/system_wrapper.bit"
15:17:17 INFO  : 'targets -set -filter {name =~"APU" && jtag_cable_name =~ "Digilent JTAG-HS1 210512180081"} -index 0' command is executed.
15:17:17 INFO  : Hardware design information is loaded from 'Y:/project/AX/AX7020/AX7020_CD/02_source/vivado_project/04_pl_led/pl_led.sdk/system_wrapper_hw_platform_0/system.hdf'.
15:17:18 INFO  : 'ps7_init' command is executed.
15:17:18 INFO  : 'ps7_post_config' command is executed.
15:17:18 INFO  : Context for processor 'ps7_cortexa9_0' is selected.
15:17:20 ERROR : DEVICEEN is 0
15:17:20 INFO  : ----------------XSDB Script----------------
connect -url tcp:127.0.0.1:3121
source Y:/project/AX/AX7020/AX7020_CD/02_source/vivado_project/04_pl_led/pl_led.sdk/system_wrapper_hw_platform_0/ps7_init.tcl
targets -set -filter {name =~"APU" && jtag_cable_name =~ "Digilent JTAG-HS1 210512180081"} -index 0
rst -system
targets -set -filter {jtag_cable_name =~ "Digilent JTAG-HS1 210512180081" && level==0} -index 1
fpga -file Y:/project/AX/AX7020/AX7020_CD/02_source/vivado_project/04_pl_led/pl_led.sdk/system_wrapper_hw_platform_0/system_wrapper.bit
targets -set -filter {name =~"APU" && jtag_cable_name =~ "Digilent JTAG-HS1 210512180081"} -index 0
loadhw Y:/project/AX/AX7020/AX7020_CD/02_source/vivado_project/04_pl_led/pl_led.sdk/system_wrapper_hw_platform_0/system.hdf
ps7_init
ps7_post_config
targets -set -nocase -filter {name =~ "ARM*#0" && jtag_cable_name =~ "Digilent JTAG-HS1 210512180081"} -index 0
dow Y:/project/AX/AX7020/AX7020_CD/02_source/vivado_project/04_pl_led/pl_led.sdk/pl_led_test/Debug/pl_led_test.elf
----------------End of Script----------------

