#-----------------------------------------------------------
# Webtalk v2015.4 (64-bit)
# SW Build 1412921 on Wed Nov 18 09:43:45 MST 2015
# 
# Start of session at: Mon Feb 13 21:59:11 2017
# Process ID: 316
# Current directory: Y:/project/AX/AX7010/vivado_project_B/07_fatfs/fatfs.sdk/webtalk
# Command line: wbtcv.exe -mode batch -source sdk_webtalk.tcl
# Log file: Y:/project/AX/AX7010/vivado_project_B/07_fatfs/fatfs.sdk/webtalk/webtalk.log
# Journal file: Y:/project/AX/AX7010/vivado_project_B/07_fatfs/fatfs.sdk/webtalk\webtalk.jou
#-----------------------------------------------------------
source sdk_webtalk.tcl
# webtalk_init -webtalk_dir Y:\\project\\AX\\AX7010\\vivado_project_B\\07_fatfs\\fatfs.sdk\\webtalk
# webtalk_register_client -client project
# webtalk_add_data -client project -key date_generated -value "星期一 二月 13 21:59:10 2017" -context "software_version_and_target_device"
# webtalk_add_data -client project -key product_version -value "SDK v2015.4" -context "software_version_and_target_device"
# webtalk_add_data -client project -key build_version -value "2015.4" -context "software_version_and_target_device"
# webtalk_add_data -client project -key os_platform -value "amd64" -context "software_version_and_target_device"
# webtalk_add_data -client project -key registration_id -value "" -context "software_version_and_target_device"
# webtalk_add_data -client project -key tool_flow -value "SDK" -context "software_version_and_target_device"
# webtalk_add_data -client project -key beta -value "false" -context "software_version_and_target_device"
# webtalk_add_data -client project -key route_design -value "NA" -context "software_version_and_target_device"
# webtalk_add_data -client project -key target_family -value "NA" -context "software_version_and_target_device"
# webtalk_add_data -client project -key target_device -value "NA" -context "software_version_and_target_device"
# webtalk_add_data -client project -key target_package -value "NA" -context "software_version_and_target_device"
# webtalk_add_data -client project -key target_speed -value "NA" -context "software_version_and_target_device"
# webtalk_add_data -client project -key random_id -value "dlvom8mki87ja8e540ebuv5ril" -context "software_version_and_target_device"
# webtalk_add_data -client project -key project_id -value "2015.4_1" -context "software_version_and_target_device"
# webtalk_add_data -client project -key project_iteration -value "1" -context "software_version_and_target_device"
# webtalk_add_data -client project -key os_name -value "" -context "user_environment"
# webtalk_add_data -client project -key os_release -value "" -context "user_environment"
# webtalk_add_data -client project -key cpu_name -value "" -context "user_environment"
# webtalk_add_data -client project -key cpu_speed -value "" -context "user_environment"
# webtalk_add_data -client project -key total_processors -value "" -context "user_environment"
# webtalk_add_data -client project -key system_ram -value "" -context "user_environment"
# webtalk_register_client -client sdk
# webtalk_add_data -client sdk -key uid -value "1486992923729" -context "sdk\\\\hardware/1486992923729"
# webtalk_add_data -client sdk -key isZynq -value "true" -context "sdk\\\\hardware/1486992923729"
# webtalk_add_data -client sdk -key Processors -value "2" -context "sdk\\\\hardware/1486992923729"
# webtalk_add_data -client sdk -key VivadoVersion -value "2015.4" -context "sdk\\\\hardware/1486992923729"
# webtalk_add_data -client sdk -key Arch -value "zynq" -context "sdk\\\\hardware/1486992923729"
# webtalk_add_data -client sdk -key Device -value "7z010" -context "sdk\\\\hardware/1486992923729"
# webtalk_add_data -client sdk -key IsHandoff -value "true" -context "sdk\\\\hardware/1486992923729"
# webtalk_add_data -client sdk -key uid -value "1486993661120" -context "sdk\\\\bsp/1486993661120"
# webtalk_add_data -client sdk -key hwid -value "1486992923729" -context "sdk\\\\bsp/1486993661120"
# webtalk_add_data -client sdk -key os -value "standalone" -context "sdk\\\\bsp/1486993661120"
# webtalk_add_data -client sdk -key apptemplate -value "empty_application" -context "sdk\\\\bsp/1486993661120"
# webtalk_add_data -client sdk -key uid -value "1486993696068" -context "sdk\\\\application/1486993696068"
# webtalk_add_data -client sdk -key hwid -value "1486992923729" -context "sdk\\\\application/1486993696068"
# webtalk_add_data -client sdk -key bspid -value "1486993661120" -context "sdk\\\\application/1486993696068"
# webtalk_add_data -client sdk -key newbsp -value "true" -context "sdk\\\\application/1486993696068"
# webtalk_add_data -client sdk -key os -value "standalone" -context "sdk\\\\application/1486993696068"
# webtalk_add_data -client sdk -key apptemplate -value "empty_application" -context "sdk\\\\application/1486993696068"
# webtalk_transmit -clientid 3307453374 -regid "" -xml Y:\\project\\AX\\AX7010\\vivado_project_B\\07_fatfs\\fatfs.sdk\\webtalk\\usage_statistics_ext_sdk.xml -html Y:\\project\\AX\\AX7010\\vivado_project_B\\07_fatfs\\fatfs.sdk\\webtalk\\usage_statistics_ext_sdk.html -wdm Y:\\project\\AX\\AX7010\\vivado_project_B\\07_fatfs\\fatfs.sdk\\webtalk\\sdk_webtalk.wdm -intro "<H3>SDK Usage Report</H3><BR>"

    while executing
"webtalk_transmit -clientid 3307453374 -regid "" -xml Y:\\project\\AX\\AX7010\\vivado_project_B\\07_fatfs\\fatfs.sdk\\webtalk\\usage_statistics_ext_sdk..."
    (file "sdk_webtalk.tcl" line 42)
INFO: [Common 17-206] Exiting Webtalk at Mon Feb 13 22:02:14 2017...
