TRACE   - Generating ucos_cpu_cortexa9.
TRACE   - Generating ucos.
INFO    - ucos_clk automatic selection.
INFO    - ucos_clk not required.
INFO    - ucos_shell automatic selection.
INFO    - ucos_shell not required.
INFO    - ucos_crc automatic selection.
INFO    - ucos_crc not required.
INFO    - ucos_osiii set to enabled.
INFO    - Setting up build for ps7_cortexa9.
TRACE   - Generating Makefile_def.inc.
INFO    - ucos_get_product_source_base: Source base for cpu found at Y:/project/AX/AX7010/vivado_project_B/02_ucos/repo/ucos_v1_41/micrium_source/uC-CPU/cpu_core.c.
INFO    - ucos_get_product_source_base: Source base for lib found at Y:/project/AX/AX7010/vivado_project_B/02_ucos/repo/ucos_v1_41/micrium_source/uC-LIB/lib_mem.c.
INFO    - ucos_get_product_source_base: Source base for common found at Y:/project/AX/AX7010/vivado_project_B/02_ucos/repo/ucos_v1_41/micrium_source/uC-Common/KAL/kal.h.
INFO    - ucos_get_product_source_base: Source base for clk found at Y:/project/AX/AX7010/vivado_project_B/02_ucos/repo/ucos_v1_41/micrium_source/uC-Clk/Source/clk.c.
INFO    - ucos_get_product_source_base: Source base for crc found at Y:/project/AX/AX7010/vivado_project_B/02_ucos/repo/ucos_v1_41/micrium_source/uC-CRC/Source/crc_util.c.
INFO    - ucos_get_product_source_base: Source base for shell found at Y:/project/AX/AX7010/vivado_project_B/02_ucos/repo/ucos_v1_41/micrium_source/uC-Shell/Source/shell.c.
INFO    - ucos_get_product_source_base: Source base for osii found at Y:/project/AX/AX7010/vivado_project_B/02_ucos/repo/ucos_v1_41/micrium_source/uCOS-II/Source/os_core.c.
INFO    - ucos_get_product_source_base: Source base for osiii found at Y:/project/AX/AX7010/vivado_project_B/02_ucos/repo/ucos_v1_41/micrium_source/uCOS-III/Source/os_core.c.
INFO    - ucos_get_product_source_base: Source base for tcpip not found.
INFO    - ucos_get_product_source_base: Source base for tcpip-exp not found.
INFO    - ucos_get_product_source_base: Source base for fs not found.
INFO    - ucos_get_product_source_base: Source base for usbd not found.
INFO    - ucos_get_product_source_base: Source base for usbh not found.
INFO    - ucos_get_product_source_base: Source base for dhcpc not found.
INFO    - ucos_get_product_source_base: Source base for dnsc not found.
INFO    - ucos_get_product_source_base: Source base for ftps not found.
INFO    - ucos_get_product_source_base: Source base for httpc not found.
INFO    - ucos_get_product_source_base: Source base for https not found.
INFO    - ucos_get_product_source_base: Source base for mqttc not found.
INFO    - ucos_get_product_source_base: Source base for iperf not found.
INFO    - ucos_get_product_source_base: Source base for telnets not found.
INFO    - ucos_get_product_source_base: Source base for can not found.
INFO    - ucos_get_product_source_base: Source base for openamp not found.
INFO    - handle_stdout: Configuring STDOUT peripheral ps7_uart_1.
INFO    - ucos_handle_stdout: Found device id 0 for peripheral ps7_uart_1.
INFO    - ucos_handle_stdout: STDOUT source set to UCOS_UART_PS7_UART.
INFO    - ucos_handle_ethernet: No ETHERNET interface specified.
TRACE   - ucos_handle_ethernet: Ethernet PHY bus mode set to : UCOS_NET_PHY_BUS_MODE_MII.
TRACE   - ucos_handle_ethernet: Ethernet PHY type set to : UCOS_NET_PHY_TYPE_INT.
TRACE   - Generating ucos_osiii.
TRACE   - Generating ucos_common.
TRACE   - ucos_heap_estimate: Computing heap estimate.
TRACE   - ucos_heap_estimate: Base heap estimate: 512.
INFO    - ucos_heap_estimate: Computed heap size 512.
TRACE   - ps7_cortexa9 found, enabling CPU_CFG_CACHE_MGMT_EN in cpu_cfg.h.
TRACE   - Generating ucos_axitimer.
TRACE   - ucos_get_intr_src: Finding interrupt source for peripheral axi_timer_0.
INFO    - ucos_get_intr_src: Interrupt source for peripheral axi_timer_0 not found in the hardened IPs trying F2P interrupts.
INFO    - ucos_get_intr_src: Interrupt source for peripheral axi_timer_0 : 61.
TRACE   - Generating ucos_l2cachec.
TRACE   - Generating ucos_scuc.
TRACE   - Generating ucos_scutimer.
TRACE   - Generating ucos_uartps.
TRACE   - ucos_get_intr_src: Finding interrupt source for peripheral ps7_uart_1.
INFO    - ucos_get_intr_src: Interrupt source for peripheral ps7_uart_1 : 82.
