#-----------------------------------------------------------
# Webtalk v2015.4 (64-bit)
# SW Build 1412921 on Wed Nov 18 09:43:45 MST 2015
# 
# Start of session at: Thu Feb 02 18:38:01 2017
# Process ID: 18352
# Current directory: D:/AX7010/vivado_project_B/09_linux_rtc/linux_rtc.sdk/webtalk
# Command line: wbtcv.exe -mode batch -source sdk_webtalk.tcl
# Log file: D:/AX7010/vivado_project_B/09_linux_rtc/linux_rtc.sdk/webtalk/webtalk.log
# Journal file: D:/AX7010/vivado_project_B/09_linux_rtc/linux_rtc.sdk/webtalk\webtalk.jou
#-----------------------------------------------------------
source sdk_webtalk.tcl
# webtalk_init -webtalk_dir D:\\AX7010\\vivado_project_B\\09_linux_rtc\\linux_rtc.sdk\\webtalk
# webtalk_register_client -client project
# webtalk_add_data -client project -key date_generated -value "星期四 二月 2 18:37:59 2017" -context "software_version_and_target_device"
# webtalk_add_data -client project -key product_version -value "SDK v2015.4" -context "software_version_and_target_device"
# webtalk_add_data -client project -key build_version -value "2015.4" -context "software_version_and_target_device"
# webtalk_add_data -client project -key os_platform -value "amd64" -context "software_version_and_target_device"
# webtalk_add_data -client project -key registration_id -value "" -context "software_version_and_target_device"
# webtalk_add_data -client project -key tool_flow -value "SDK" -context "software_version_and_target_device"
# webtalk_add_data -client project -key beta -value "false" -context "software_version_and_target_device"
# webtalk_add_data -client project -key route_design -value "NA" -context "software_version_and_target_device"
# webtalk_add_data -client project -key target_family -value "NA" -context "software_version_and_target_device"
# webtalk_add_data -client project -key target_device -value "NA" -context "software_version_and_target_device"
# webtalk_add_data -client project -key target_package -value "NA" -context "software_version_and_target_device"
# webtalk_add_data -client project -key target_speed -value "NA" -context "software_version_and_target_device"
# webtalk_add_data -client project -key random_id -value "svntlms4c088ps580i5q5u75hd" -context "software_version_and_target_device"
# webtalk_add_data -client project -key project_id -value "2015.4_14" -context "software_version_and_target_device"
# webtalk_add_data -client project -key project_iteration -value "14" -context "software_version_and_target_device"
# webtalk_add_data -client project -key os_name -value "" -context "user_environment"
# webtalk_add_data -client project -key os_release -value "" -context "user_environment"
# webtalk_add_data -client project -key cpu_name -value "" -context "user_environment"
# webtalk_add_data -client project -key cpu_speed -value "" -context "user_environment"
# webtalk_add_data -client project -key total_processors -value "" -context "user_environment"
# webtalk_add_data -client project -key system_ram -value "" -context "user_environment"
# webtalk_register_client -client sdk
# webtalk_add_data -client sdk -key uid -value "1486019012223" -context "sdk\\\\hardware/1486019012223"
# webtalk_add_data -client sdk -key isZynq -value "true" -context "sdk\\\\hardware/1486019012223"
# webtalk_add_data -client sdk -key Processors -value "2" -context "sdk\\\\hardware/1486019012223"
# webtalk_add_data -client sdk -key VivadoVersion -value "2015.4" -context "sdk\\\\hardware/1486019012223"
# webtalk_add_data -client sdk -key Arch -value "zynq" -context "sdk\\\\hardware/1486019012223"
# webtalk_add_data -client sdk -key Device -value "7z010" -context "sdk\\\\hardware/1486019012223"
# webtalk_add_data -client sdk -key IsHandoff -value "true" -context "sdk\\\\hardware/1486019012223"
# webtalk_add_data -client sdk -key uid -value "1486019147406" -context "sdk\\\\bsp/1486019147406"
# webtalk_add_data -client sdk -key hwid -value "1485950828487" -context "sdk\\\\bsp/1486019147406"
# webtalk_add_data -client sdk -key os -value "standalone" -context "sdk\\\\bsp/1486019147406"
# webtalk_add_data -client sdk -key apptemplate -value "zynq_fsbl" -context "sdk\\\\bsp/1486019147406"
# webtalk_transmit -clientid 2340356020 -regid "" -xml D:\\AX7010\\vivado_project_B\\09_linux_rtc\\linux_rtc.sdk\\webtalk\\usage_statistics_ext_sdk.xml -html D:\\AX7010\\vivado_project_B\\09_linux_rtc\\linux_rtc.sdk\\webtalk\\usage_statistics_ext_sdk.html -wdm D:\\AX7010\\vivado_project_B\\09_linux_rtc\\linux_rtc.sdk\\webtalk\\sdk_webtalk.wdm -intro "<H3>SDK Usage Report</H3><BR>"

    while executing
"webtalk_transmit -clientid 2340356020 -regid "" -xml D:\\AX7010\\vivado_project_B\\09_linux_rtc\\linux_rtc.sdk\\webtalk\\usage_statistics_ext_sdk.xml ..."
    (file "sdk_webtalk.tcl" line 36)
INFO: [Common 17-206] Exiting Webtalk at Thu Feb 02 18:41:03 2017...
