14:43:42 **** Incremental Build of configuration Debug for project rtc_test ****
make all 
make: Nothing to be done for `all'.
13:18:22 **** Incremental Build of configuration Debug for project rtc_test ****
make all 
make: Nothing to be done for `all'.
13:20:26 **** Incremental Build of configuration Debug for project rtc_test ****
make all 
make: Nothing to be done for `all'.
13:20:44 **** Incremental Build of configuration Debug for project rtc_test ****
make all 
make: Nothing to be done for `all'.
13:20:56 **** Incremental Build of configuration Debug for project rtc_test ****
make all 
make: Nothing to be done for `all'.
13:21:29 **** Incremental Build of configuration Debug for project rtc_test ****
make all 
make: Nothing to be done for `all'.
14:54:36 **** Incremental Build of configuration Debug for project rtc_test ****
make all 
make: Nothing to be done for `all'.
14:55:34 **** Incremental Build of configuration Debug for project rtc_test ****
make all 
make: Nothing to be done for `all'.
14:55:56 **** Incremental Build of configuration Debug for project rtc_test ****
make all 
make: Nothing to be done for `all'.
14:56:13 **** Incremental Build of configuration Debug for project rtc_test ****
make all 
make: Nothing to be done for `all'.
14:58:11 **** Incremental Build of configuration Debug for project rtc_test ****
make all 
make: Nothing to be done for `all'.
14:59:04 **** Incremental Build of configuration Debug for project rtc_test ****
make all 
make: Nothing to be done for `all'.
15:04:56 **** Incremental Build of configuration Debug for project rtc_test ****
make all 
make: Nothing to be done for `all'.
15:05:32 **** Incremental Build of configuration Debug for project rtc_test ****
make all 
make: Nothing to be done for `all'.
15:09:26 **** Incremental Build of configuration Debug for project rtc_test ****
make all 
make: Nothing to be done for `all'.
15:10:06 **** Incremental Build of configuration Debug for project rtc_test ****
make all 
make: Nothing to be done for `all'.
15:12:16 **** Incremental Build of configuration Debug for project rtc_test ****
make all 
make: Nothing to be done for `all'.
15:17:01 **** Incremental Build of configuration Debug for project rtc_test ****
make all 
make: Nothing to be done for `all'.
15:20:29 **** Incremental Build of configuration Debug for project rtc_test ****
make all 
make: Nothing to be done for `all'.
15:24:21 **** Incremental Build of configuration Debug for project rtc_test ****
make all 
make: Nothing to be done for `all'.
15:24:52 **** Incremental Build of configuration Debug for project rtc_test ****
make all 
make: Nothing to be done for `all'.
15:28:09 **** Incremental Build of configuration Debug for project rtc_test ****
make all 
make: Nothing to be done for `all'.
15:28:27 **** Incremental Build of configuration Debug for project rtc_test ****
make all 
make: Nothing to be done for `all'.
15:28:51 **** Incremental Build of configuration Debug for project rtc_test ****
make all 
make: Nothing to be done for `all'.
10:57:27 **** Incremental Build of configuration Debug for project rtc_test ****
make all 
make: Nothing to be done for `all'.
11:36:27 **** Build of project rtc_test_bsp ****
make -k all 
"Running Make include in ps7_cortexa9_0/libsrc/coresightps_dcc_v1_2/src"
make -C ps7_cortexa9_0/libsrc/coresightps_dcc_v1_2/src -s include  "SHELL=CMD" "COMPILER=arm-xilinx-eabi-gcc" "ARCHIVER=arm-xilinx-eabi-ar" "COMPILER_FLAGS=  -O2 -c" "EXTRA_COMPILER_FLAGS=-g"
"Running Make include in ps7_cortexa9_0/libsrc/cpu_cortexa9_v2_1/src"
make -C ps7_cortexa9_0/libsrc/cpu_cortexa9_v2_1/src -s include  "SHELL=CMD" "COMPILER=arm-xilinx-eabi-gcc" "ARCHIVER=arm-xilinx-eabi-ar" "COMPILER_FLAGS=  -O2 -c" "EXTRA_COMPILER_FLAGS=-g"
"Running Make include in ps7_cortexa9_0/libsrc/ddrps_v1_0/src"
make -C ps7_cortexa9_0/libsrc/ddrps_v1_0/src -s include  "SHELL=CMD" "COMPILER=arm-xilinx-eabi-gcc" "ARCHIVER=arm-xilinx-eabi-ar" "COMPILER_FLAGS=  -O2 -c" "EXTRA_COMPILER_FLAGS=-g"
"Running Make include in ps7_cortexa9_0/libsrc/devcfg_v3_3/src"
make -C ps7_cortexa9_0/libsrc/devcfg_v3_3/src -s include  "SHELL=CMD" "COMPILER=arm-xilinx-eabi-gcc" "ARCHIVER=arm-xilinx-eabi-ar" "COMPILER_FLAGS=  -O2 -c" "EXTRA_COMPILER_FLAGS=-g"
"Running Make include in ps7_cortexa9_0/libsrc/dmaps_v2_1/src"
make -C ps7_cortexa9_0/libsrc/dmaps_v2_1/src -s include  "SHELL=CMD" "COMPILER=arm-xilinx-eabi-gcc" "ARCHIVER=arm-xilinx-eabi-ar" "COMPILER_FLAGS=  -O2 -c" "EXTRA_COMPILER_FLAGS=-g"
"Running Make include in ps7_cortexa9_0/libsrc/rtc_ip_v1_0/src"
make -C ps7_cortexa9_0/libsrc/rtc_ip_v1_0/src -s include  "SHELL=CMD" "COMPILER=arm-xilinx-eabi-gcc" "ARCHIVER=arm-xilinx-eabi-ar" "COMPILER_FLAGS=  -O2 -c" "EXTRA_COMPILER_FLAGS=-g"
"Running Make include in ps7_cortexa9_0/libsrc/scugic_v3_1/src"
make -C ps7_cortexa9_0/libsrc/scugic_v3_1/src -s include  "SHELL=CMD" "COMPILER=arm-xilinx-eabi-gcc" "ARCHIVER=arm-xilinx-eabi-ar" "COMPILER_FLAGS=  -O2 -c" "EXTRA_COMPILER_FLAGS=-g"
"Running Make include in ps7_cortexa9_0/libsrc/scutimer_v2_1/src"
make -C ps7_cortexa9_0/libsrc/scutimer_v2_1/src -s include  "SHELL=CMD" "COMPILER=arm-xilinx-eabi-gcc" "ARCHIVER=arm-xilinx-eabi-ar" "COMPILER_FLAGS=  -O2 -c" "EXTRA_COMPILER_FLAGS=-g"
"Running Make include in ps7_cortexa9_0/libsrc/scuwdt_v2_1/src"
make -C ps7_cortexa9_0/libsrc/scuwdt_v2_1/src -s include  "SHELL=CMD" "COMPILER=arm-xilinx-eabi-gcc" "ARCHIVER=arm-xilinx-eabi-ar" "COMPILER_FLAGS=  -O2 -c" "EXTRA_COMPILER_FLAGS=-g"
"Running Make include in ps7_cortexa9_0/libsrc/standalone_v5_3/src"
make -C ps7_cortexa9_0/libsrc/standalone_v5_3/src -s include  "SHELL=CMD" "COMPILER=arm-xilinx-eabi-gcc" "ARCHIVER=arm-xilinx-eabi-ar" "COMPILER_FLAGS=  -O2 -c" "EXTRA_COMPILER_FLAGS=-g"
"Running Make include in ps7_cortexa9_0/libsrc/uartps_v3_1/src"
make -C ps7_cortexa9_0/libsrc/uartps_v3_1/src -s include  "SHELL=CMD" "COMPILER=arm-xilinx-eabi-gcc" "ARCHIVER=arm-xilinx-eabi-ar" "COMPILER_FLAGS=  -O2 -c" "EXTRA_COMPILER_FLAGS=-g"
"Running Make include in ps7_cortexa9_0/libsrc/xadcps_v2_2/src"
make -C ps7_cortexa9_0/libsrc/xadcps_v2_2/src -s include  "SHELL=CMD" "COMPILER=arm-xilinx-eabi-gcc" "ARCHIVER=arm-xilinx-eabi-ar" "COMPILER_FLAGS=  -O2 -c" "EXTRA_COMPILER_FLAGS=-g"
"Running Make libs in ps7_cortexa9_0/libsrc/coresightps_dcc_v1_2/src"
make -C ps7_cortexa9_0/libsrc/coresightps_dcc_v1_2/src -s libs  "SHELL=CMD" "COMPILER=arm-xilinx-eabi-gcc" "ARCHIVER=arm-xilinx-eabi-ar" "COMPILER_FLAGS=  -O2 -c" "EXTRA_COMPILER_FLAGS=-g"
"Compiling coresightps_dcc"
"Running Make libs in ps7_cortexa9_0/libsrc/cpu_cortexa9_v2_1/src"
make -C ps7_cortexa9_0/libsrc/cpu_cortexa9_v2_1/src -s libs  "SHELL=CMD" "COMPILER=arm-xilinx-eabi-gcc" "ARCHIVER=arm-xilinx-eabi-ar" "COMPILER_FLAGS=  -O2 -c" "EXTRA_COMPILER_FLAGS=-g"
"Compiling cpu_cortexa9"
"Running Make libs in ps7_cortexa9_0/libsrc/ddrps_v1_0/src"
make -C ps7_cortexa9_0/libsrc/ddrps_v1_0/src -s libs  "SHELL=CMD" "COMPILER=arm-xilinx-eabi-gcc" "ARCHIVER=arm-xilinx-eabi-ar" "COMPILER_FLAGS=  -O2 -c" "EXTRA_COMPILER_FLAGS=-g"
"Compiling ddrps"
"Running Make libs in ps7_cortexa9_0/libsrc/devcfg_v3_3/src"
make -C ps7_cortexa9_0/libsrc/devcfg_v3_3/src -s libs  "SHELL=CMD" "COMPILER=arm-xilinx-eabi-gcc" "ARCHIVER=arm-xilinx-eabi-ar" "COMPILER_FLAGS=  -O2 -c" "EXTRA_COMPILER_FLAGS=-g"
"Compiling devcfg"
"Running Make libs in ps7_cortexa9_0/libsrc/dmaps_v2_1/src"
make -C ps7_cortexa9_0/libsrc/dmaps_v2_1/src -s libs  "SHELL=CMD" "COMPILER=arm-xilinx-eabi-gcc" "ARCHIVER=arm-xilinx-eabi-ar" "COMPILER_FLAGS=  -O2 -c" "EXTRA_COMPILER_FLAGS=-g"
"Compiling dmaps"
"Running Make libs in ps7_cortexa9_0/libsrc/rtc_ip_v1_0/src"
make -C ps7_cortexa9_0/libsrc/rtc_ip_v1_0/src -s libs  "SHELL=CMD" "COMPILER=arm-xilinx-eabi-gcc" "ARCHIVER=arm-xilinx-eabi-ar" "COMPILER_FLAGS=  -O2 -c" "EXTRA_COMPILER_FLAGS=-g"
"Compiling rtc_ip..."
"Running Make libs in ps7_cortexa9_0/libsrc/scugic_v3_1/src"
make -C ps7_cortexa9_0/libsrc/scugic_v3_1/src -s libs  "SHELL=CMD" "COMPILER=arm-xilinx-eabi-gcc" "ARCHIVER=arm-xilinx-eabi-ar" "COMPILER_FLAGS=  -O2 -c" "EXTRA_COMPILER_FLAGS=-g"
"Compiling scugic"
"Running Make libs in ps7_cortexa9_0/libsrc/scutimer_v2_1/src"
make -C ps7_cortexa9_0/libsrc/scutimer_v2_1/src -s libs  "SHELL=CMD" "COMPILER=arm-xilinx-eabi-gcc" "ARCHIVER=arm-xilinx-eabi-ar" "COMPILER_FLAGS=  -O2 -c" "EXTRA_COMPILER_FLAGS=-g"
"Compiling scutimer"
"Running Make libs in ps7_cortexa9_0/libsrc/scuwdt_v2_1/src"
make -C ps7_cortexa9_0/libsrc/scuwdt_v2_1/src -s libs  "SHELL=CMD" "COMPILER=arm-xilinx-eabi-gcc" "ARCHIVER=arm-xilinx-eabi-ar" "COMPILER_FLAGS=  -O2 -c" "EXTRA_COMPILER_FLAGS=-g"
"Compiling scuwdt"
"Running Make libs in ps7_cortexa9_0/libsrc/standalone_v5_3/src"
make -C ps7_cortexa9_0/libsrc/standalone_v5_3/src -s libs  "SHELL=CMD" "COMPILER=arm-xilinx-eabi-gcc" "ARCHIVER=arm-xilinx-eabi-ar" "COMPILER_FLAGS=  -O2 -c" "EXTRA_COMPILER_FLAGS=-g"
"Compiling standalone"
"Running Make libs in ps7_cortexa9_0/libsrc/uartps_v3_1/src"
make -C ps7_cortexa9_0/libsrc/uartps_v3_1/src -s libs  "SHELL=CMD" "COMPILER=arm-xilinx-eabi-gcc" "ARCHIVER=arm-xilinx-eabi-ar" "COMPILER_FLAGS=  -O2 -c" "EXTRA_COMPILER_FLAGS=-g"
"Compiling uartps"
"Running Make libs in ps7_cortexa9_0/libsrc/xadcps_v2_2/src"
make -C ps7_cortexa9_0/libsrc/xadcps_v2_2/src -s libs  "SHELL=CMD" "COMPILER=arm-xilinx-eabi-gcc" "ARCHIVER=arm-xilinx-eabi-ar" "COMPILER_FLAGS=  -O2 -c" "EXTRA_COMPILER_FLAGS=-g"
"Compiling xadcps"
'Finished building libraries'
11:37:44 **** Build of configuration Debug for project rtc_test ****
make all 
'Building file: ../src/helloworld.c'
'Invoking: ARM gcc compiler'
arm-xilinx-eabi-gcc -Wall -O0 -g3 -c -fmessage-length=0 -MT"src/helloworld.o" -I../../rtc_test_bsp/ps7_cortexa9_0/include -MMD -MP -MF"src/helloworld.d" -MT"src/helloworld.d" -o "src/helloworld.o" "../src/helloworld.c"
../src/helloworld.c: In function 'main':
../src/helloworld.c:73:2: warning: implicit declaration of function 'Xil_Out32' [-Wimplicit-function-declaration]
  RTC_IP_mWriteReg (RTC_BASEADDR, 12, 0x00160A0A);
  ^
../src/helloworld.c:90:3: warning: implicit declaration of function 'Xil_In32' [-Wimplicit-function-declaration]
   rtc_reg1 = RTC_IP_mReadReg (RTC_BASEADDR, 4);
   ^
'Finished building: ../src/helloworld.c'
' '
'Building file: ../src/platform.c'
'Invoking: ARM gcc compiler'
arm-xilinx-eabi-gcc -Wall -O0 -g3 -c -fmessage-length=0 -MT"src/platform.o" -I../../rtc_test_bsp/ps7_cortexa9_0/include -MMD -MP -MF"src/platform.d" -MT"src/platform.d" -o "src/platform.o" "../src/platform.c"
'Finished building: ../src/platform.c'
' '
'Building target: rtc_test.elf'
'Invoking: ARM gcc linker'
arm-xilinx-eabi-gcc -Wl,-T -Wl,../src/lscript.ld -L../../rtc_test_bsp/ps7_cortexa9_0/lib -o "rtc_test.elf"  ./src/helloworld.o ./src/platform.o   -Wl,--start-group,-lxil,-lgcc,-lc,--end-group
'Finished building target: rtc_test.elf'
' '
'Invoking: ARM Print Size'
arm-xilinx-eabi-size rtc_test.elf  |tee "rtc_test.elf.size"
   text	   data	    bss	    dec	    hex	filename
  61324	   2320	  22652	  86296	  15118	rtc_test.elf
'Finished building: rtc_test.elf.size'
' '
11:38:35 **** Incremental Build of configuration Debug for project rtc_test ****
make all 
make: Nothing to be done for `all'.
11:39:37 **** Incremental Build of configuration Debug for project rtc_test ****
make all 
make: Nothing to be done for `all'.
11:44:34 **** Incremental Build of configuration Debug for project rtc_test ****
make all 
make: Nothing to be done for `all'.
11:45:39 **** Incremental Build of configuration Debug for project rtc_test ****
make all 
make: Nothing to be done for `all'.
11:48:05 **** Incremental Build of configuration Debug for project rtc_test ****
make all 
make: Nothing to be done for `all'.
11:49:03 **** Incremental Build of configuration Debug for project rtc_test ****
make all 
make: Nothing to be done for `all'.
11:50:29 **** Incremental Build of configuration Debug for project rtc_test ****
make all 
make: Nothing to be done for `all'.
11:51:13 **** Incremental Build of configuration Debug for project rtc_test ****
make all 
make: Nothing to be done for `all'.
11:51:38 **** Incremental Build of configuration Debug for project rtc_test ****
make all 
make: Nothing to be done for `all'.
11:52:43 **** Incremental Build of configuration Debug for project rtc_test ****
make all 
make: Nothing to be done for `all'.
11:54:01 **** Incremental Build of configuration Debug for project rtc_test ****
make all 
make: Nothing to be done for `all'.
14:51:28 **** Incremental Build of configuration Debug for project rtc_test ****
make all 
make: Nothing to be done for `all'.
14:53:10 **** Incremental Build of configuration Debug for project rtc_test ****
make all 
make: Nothing to be done for `all'.
