#-----------------------------------------------------------
# Webtalk v2015.4 (64-bit)
# SW Build 1412921 on Wed Nov 18 09:43:45 MST 2015
# 
# Start of session at: Wed Feb 01 21:12:19 2017
# Process ID: 5392
# Current directory: D:/AX7010/vivado_project_B/08_lwip/lwip.sdk/webtalk
# Command line: wbtcv.exe -mode batch -source sdk_webtalk.tcl
# Log file: D:/AX7010/vivado_project_B/08_lwip/lwip.sdk/webtalk/webtalk.log
# Journal file: D:/AX7010/vivado_project_B/08_lwip/lwip.sdk/webtalk\webtalk.jou
#-----------------------------------------------------------
source sdk_webtalk.tcl
# webtalk_init -webtalk_dir D:\\AX7010\\vivado_project_B\\08_lwip\\lwip.sdk\\webtalk
# webtalk_register_client -client project
# webtalk_add_data -client project -key date_generated -value "星期三 二月 1 21:12:19 2017" -context "software_version_and_target_device"
# webtalk_add_data -client project -key product_version -value "SDK v2015.4" -context "software_version_and_target_device"
# webtalk_add_data -client project -key build_version -value "2015.4" -context "software_version_and_target_device"
# webtalk_add_data -client project -key os_platform -value "amd64" -context "software_version_and_target_device"
# webtalk_add_data -client project -key registration_id -value "" -context "software_version_and_target_device"
# webtalk_add_data -client project -key tool_flow -value "SDK" -context "software_version_and_target_device"
# webtalk_add_data -client project -key beta -value "false" -context "software_version_and_target_device"
# webtalk_add_data -client project -key route_design -value "NA" -context "software_version_and_target_device"
# webtalk_add_data -client project -key target_family -value "NA" -context "software_version_and_target_device"
# webtalk_add_data -client project -key target_device -value "NA" -context "software_version_and_target_device"
# webtalk_add_data -client project -key target_package -value "NA" -context "software_version_and_target_device"
# webtalk_add_data -client project -key target_speed -value "NA" -context "software_version_and_target_device"
# webtalk_add_data -client project -key random_id -value "kgjjo6r2j7gi31qeoqn2rctens" -context "software_version_and_target_device"
# webtalk_add_data -client project -key project_id -value "2015.4_12" -context "software_version_and_target_device"
# webtalk_add_data -client project -key project_iteration -value "12" -context "software_version_and_target_device"
# webtalk_add_data -client project -key os_name -value "" -context "user_environment"
# webtalk_add_data -client project -key os_release -value "" -context "user_environment"
# webtalk_add_data -client project -key cpu_name -value "" -context "user_environment"
# webtalk_add_data -client project -key cpu_speed -value "" -context "user_environment"
# webtalk_add_data -client project -key total_processors -value "" -context "user_environment"
# webtalk_add_data -client project -key system_ram -value "" -context "user_environment"
# webtalk_register_client -client sdk
# webtalk_add_data -client sdk -key uid -value "1485954394414" -context "sdk\\\\bsp/1485954394414"
# webtalk_add_data -client sdk -key hwid -value "1485950828487" -context "sdk\\\\bsp/1485954394414"
# webtalk_add_data -client sdk -key os -value "standalone" -context "sdk\\\\bsp/1485954394414"
# webtalk_add_data -client sdk -key apptemplate -value "lwip_echo_server" -context "sdk\\\\bsp/1485954394414"
# webtalk_add_data -client sdk -key uid -value "1485954398033" -context "sdk\\\\application/1485954398033"
# webtalk_add_data -client sdk -key hwid -value "1485950828487" -context "sdk\\\\application/1485954398033"
# webtalk_add_data -client sdk -key bspid -value "1485954394414" -context "sdk\\\\application/1485954398033"
# webtalk_add_data -client sdk -key newbsp -value "true" -context "sdk\\\\application/1485954398033"
# webtalk_add_data -client sdk -key os -value "standalone" -context "sdk\\\\application/1485954398033"
# webtalk_add_data -client sdk -key apptemplate -value "lwip_echo_server" -context "sdk\\\\application/1485954398033"
# webtalk_transmit -clientid 2069749596 -regid "" -xml D:\\AX7010\\vivado_project_B\\08_lwip\\lwip.sdk\\webtalk\\usage_statistics_ext_sdk.xml -html D:\\AX7010\\vivado_project_B\\08_lwip\\lwip.sdk\\webtalk\\usage_statistics_ext_sdk.html -wdm D:\\AX7010\\vivado_project_B\\08_lwip\\lwip.sdk\\webtalk\\sdk_webtalk.wdm -intro "<H3>SDK Usage Report</H3><BR>"

    while executing
"webtalk_transmit -clientid 2069749596 -regid "" -xml D:\\AX7010\\vivado_project_B\\08_lwip\\lwip.sdk\\webtalk\\usage_statistics_ext_sdk.xml -html D:\\..."
    (file "sdk_webtalk.tcl" line 35)
INFO: [Common 17-206] Exiting Webtalk at Wed Feb 01 21:12:22 2017...
