#-----------------------------------------------------------
# Webtalk v2015.4 (64-bit)
# SW Build 1412921 on Wed Nov 18 09:43:45 MST 2015
# 
# Start of session at: Mon Jan 23 22:01:08 2017
# Process ID: 9568
# Current directory: D:/AX7010/vivado_project_B/02_ucos/ucos.sdk/webtalk
# Command line: wbtcv.exe -mode batch -source sdk_webtalk.tcl
# Log file: D:/AX7010/vivado_project_B/02_ucos/ucos.sdk/webtalk/webtalk.log
# Journal file: D:/AX7010/vivado_project_B/02_ucos/ucos.sdk/webtalk\webtalk.jou
#-----------------------------------------------------------
source sdk_webtalk.tcl
# webtalk_init -webtalk_dir D:\\AX7010\\vivado_project_B\\02_ucos\\ucos.sdk\\webtalk
# webtalk_register_client -client project
# webtalk_add_data -client project -key date_generated -value "星期一 一月 23 22:01:07 2017" -context "software_version_and_target_device"
# webtalk_add_data -client project -key product_version -value "SDK v2015.4" -context "software_version_and_target_device"
# webtalk_add_data -client project -key build_version -value "2015.4" -context "software_version_and_target_device"
# webtalk_add_data -client project -key os_platform -value "amd64" -context "software_version_and_target_device"
# webtalk_add_data -client project -key registration_id -value "" -context "software_version_and_target_device"
# webtalk_add_data -client project -key tool_flow -value "SDK" -context "software_version_and_target_device"
# webtalk_add_data -client project -key beta -value "false" -context "software_version_and_target_device"
# webtalk_add_data -client project -key route_design -value "NA" -context "software_version_and_target_device"
# webtalk_add_data -client project -key target_family -value "NA" -context "software_version_and_target_device"
# webtalk_add_data -client project -key target_device -value "NA" -context "software_version_and_target_device"
# webtalk_add_data -client project -key target_package -value "NA" -context "software_version_and_target_device"
# webtalk_add_data -client project -key target_speed -value "NA" -context "software_version_and_target_device"
# webtalk_add_data -client project -key random_id -value "jick67e3t8qkpo7fskv70cj2ad" -context "software_version_and_target_device"
# webtalk_add_data -client project -key project_id -value "2015.4_6" -context "software_version_and_target_device"
# webtalk_add_data -client project -key project_iteration -value "6" -context "software_version_and_target_device"
# webtalk_add_data -client project -key os_name -value "" -context "user_environment"
# webtalk_add_data -client project -key os_release -value "" -context "user_environment"
# webtalk_add_data -client project -key cpu_name -value "" -context "user_environment"
# webtalk_add_data -client project -key cpu_speed -value "" -context "user_environment"
# webtalk_add_data -client project -key total_processors -value "" -context "user_environment"
# webtalk_add_data -client project -key system_ram -value "" -context "user_environment"
# webtalk_register_client -client sdk
# webtalk_add_data -client sdk -key uid -value "1485176071337" -context "sdk\\\\bsp/1485176071337"
# webtalk_add_data -client sdk -key hwid -value "1481772384427" -context "sdk\\\\bsp/1485176071337"
# webtalk_add_data -client sdk -key os -value "ucos" -context "sdk\\\\bsp/1485176071337"
# webtalk_add_data -client sdk -key apptemplate -value "helloworld_osiii" -context "sdk\\\\bsp/1485176071337"
# webtalk_add_data -client sdk -key uid -value "1485176075722" -context "sdk\\\\application/1485176075722"
# webtalk_add_data -client sdk -key hwid -value "1481772384427" -context "sdk\\\\application/1485176075722"
# webtalk_add_data -client sdk -key bspid -value "1485176071337" -context "sdk\\\\application/1485176075722"
# webtalk_add_data -client sdk -key newbsp -value "true" -context "sdk\\\\application/1485176075722"
# webtalk_add_data -client sdk -key os -value "ucos" -context "sdk\\\\application/1485176075722"
# webtalk_add_data -client sdk -key apptemplate -value "helloworld_osiii" -context "sdk\\\\application/1485176075722"
# webtalk_transmit -clientid 1678668104 -regid "" -xml D:\\AX7010\\vivado_project_B\\02_ucos\\ucos.sdk\\webtalk\\usage_statistics_ext_sdk.xml -html D:\\AX7010\\vivado_project_B\\02_ucos\\ucos.sdk\\webtalk\\usage_statistics_ext_sdk.html -wdm D:\\AX7010\\vivado_project_B\\02_ucos\\ucos.sdk\\webtalk\\sdk_webtalk.wdm -intro "<H3>SDK Usage Report</H3><BR>"

    while executing
"webtalk_transmit -clientid 1678668104 -regid "" -xml D:\\AX7010\\vivado_project_B\\02_ucos\\ucos.sdk\\webtalk\\usage_statistics_ext_sdk.xml -html D:\\..."
    (file "sdk_webtalk.tcl" line 35)
INFO: [Common 17-206] Exiting Webtalk at Mon Jan 23 22:01:12 2017...
