#-----------------------------------------------------------
# Webtalk v2015.4 (64-bit)
# SW Build 1412921 on Wed Nov 18 09:43:45 MST 2015
# 
# Start of session at: Mon Jan 23 20:24:29 2017
# Process ID: 11836
# Current directory: D:/AX7010/vivado_project_B/02_ucos/ucos.sdk/webtalk
# Command line: wbtcv.exe -mode batch -source sdk_webtalk.tcl
# Log file: D:/AX7010/vivado_project_B/02_ucos/ucos.sdk/webtalk/webtalk.log
# Journal file: D:/AX7010/vivado_project_B/02_ucos/ucos.sdk/webtalk\webtalk.jou
#-----------------------------------------------------------
source sdk_webtalk.tcl
# webtalk_init -webtalk_dir D:\\AX7010\\vivado_project_B\\02_ucos\\ucos.sdk\\webtalk
# webtalk_register_client -client project
# webtalk_add_data -client project -key date_generated -value "星期一 一月 23 20:24:28 2017" -context "software_version_and_target_device"
# webtalk_add_data -client project -key product_version -value "SDK v2015.4" -context "software_version_and_target_device"
# webtalk_add_data -client project -key build_version -value "2015.4" -context "software_version_and_target_device"
# webtalk_add_data -client project -key os_platform -value "amd64" -context "software_version_and_target_device"
# webtalk_add_data -client project -key registration_id -value "" -context "software_version_and_target_device"
# webtalk_add_data -client project -key tool_flow -value "SDK" -context "software_version_and_target_device"
# webtalk_add_data -client project -key beta -value "false" -context "software_version_and_target_device"
# webtalk_add_data -client project -key route_design -value "NA" -context "software_version_and_target_device"
# webtalk_add_data -client project -key target_family -value "NA" -context "software_version_and_target_device"
# webtalk_add_data -client project -key target_device -value "NA" -context "software_version_and_target_device"
# webtalk_add_data -client project -key target_package -value "NA" -context "software_version_and_target_device"
# webtalk_add_data -client project -key target_speed -value "NA" -context "software_version_and_target_device"
# webtalk_add_data -client project -key random_id -value "31o7blt6nree5bca2q705etcr" -context "software_version_and_target_device"
# webtalk_add_data -client project -key project_id -value "2015.4_3" -context "software_version_and_target_device"
# webtalk_add_data -client project -key project_iteration -value "3" -context "software_version_and_target_device"
# webtalk_add_data -client project -key os_name -value "" -context "user_environment"
# webtalk_add_data -client project -key os_release -value "" -context "user_environment"
# webtalk_add_data -client project -key cpu_name -value "" -context "user_environment"
# webtalk_add_data -client project -key cpu_speed -value "" -context "user_environment"
# webtalk_add_data -client project -key total_processors -value "" -context "user_environment"
# webtalk_add_data -client project -key system_ram -value "" -context "user_environment"
# webtalk_register_client -client sdk
# webtalk_add_data -client sdk -key uid -value "1485172225016" -context "sdk\\\\hardware/1485172225016"
# webtalk_add_data -client sdk -key isZynq -value "true" -context "sdk\\\\hardware/1485172225016"
# webtalk_add_data -client sdk -key Processors -value "2" -context "sdk\\\\hardware/1485172225016"
# webtalk_add_data -client sdk -key VivadoVersion -value "2015.4" -context "sdk\\\\hardware/1485172225016"
# webtalk_add_data -client sdk -key Arch -value "zynq" -context "sdk\\\\hardware/1485172225016"
# webtalk_add_data -client sdk -key Device -value "7z020" -context "sdk\\\\hardware/1485172225016"
# webtalk_add_data -client sdk -key IsHandoff -value "true" -context "sdk\\\\hardware/1485172225016"
# webtalk_transmit -clientid 3079971475 -regid "" -xml D:\\AX7010\\vivado_project_B\\02_ucos\\ucos.sdk\\webtalk\\usage_statistics_ext_sdk.xml -html D:\\AX7010\\vivado_project_B\\02_ucos\\ucos.sdk\\webtalk\\usage_statistics_ext_sdk.html -wdm D:\\AX7010\\vivado_project_B\\02_ucos\\ucos.sdk\\webtalk\\sdk_webtalk.wdm -intro "<H3>SDK Usage Report</H3><BR>"

    while executing
"webtalk_transmit -clientid 3079971475 -regid "" -xml D:\\AX7010\\vivado_project_B\\02_ucos\\ucos.sdk\\webtalk\\usage_statistics_ext_sdk.xml -html D:\\..."
    (file "sdk_webtalk.tcl" line 32)
INFO: [Common 17-206] Exiting Webtalk at Mon Jan 23 20:24:44 2017...
